<?xml version="1.0" encoding="UTF-8"?><testrun name="M2PublicTests" project="harrypotter" tests="94" started="14" failures="0" errors="12" ignored="0">
  <testsuite name="harrypotter.tests.M2PublicTests" incomplete="true">
    <testcase name="testOnGryffindorTraitTaskScenario1" classname="harrypotter.tests.M2PublicTests" time="1.029">
      <error>org.junit.runners.model.TestTimedOutException: test timed out after 1000 milliseconds
	at harrypotter.model.tournament.Task.&lt;init&gt;(Task.java:78)
	at harrypotter.model.tournament.FirstTask.&lt;init&gt;(FirstTask.java:28)
	at harrypotter.tests.M2PublicTests.testOnGryffindorTraitTaskScenario1(M2PublicTests.java:3412)
	at sun.reflect.NativeMethodAccessorImpl.invoke0(Native Method)
	at sun.reflect.NativeMethodAccessorImpl.invoke(NativeMethodAccessorImpl.java:62)
	at sun.reflect.DelegatingMethodAccessorImpl.invoke(DelegatingMethodAccessorImpl.java:43)
	at java.lang.reflect.Method.invoke(Method.java:498)
	at org.junit.runners.model.FrameworkMethod$1.runReflectiveCall(FrameworkMethod.java:50)
	at org.junit.internal.runners.model.ReflectiveCallable.run(ReflectiveCallable.java:12)
	at org.junit.runners.model.FrameworkMethod.invokeExplosively(FrameworkMethod.java:52)
	at org.junit.internal.runners.statements.InvokeMethod.evaluate(InvokeMethod.java:17)
	at org.junit.internal.runners.statements.FailOnTimeout$CallableStatement.call(FailOnTimeout.java:298)
	at org.junit.internal.runners.statements.FailOnTimeout$CallableStatement.call(FailOnTimeout.java:292)
	at java.util.concurrent.FutureTask.run(FutureTask.java:266)
	at java.lang.Thread.run(Thread.java:745)

</error>
    </testcase>
    <testcase name="testOnGryffindorTraitTaskScenario4" classname="harrypotter.tests.M2PublicTests" time="1.01">
      <error>org.junit.runners.model.TestTimedOutException: test timed out after 1000 milliseconds
	at harrypotter.model.tournament.Task.&lt;init&gt;(Task.java:78)
	at harrypotter.model.tournament.ThirdTask.&lt;init&gt;(ThirdTask.java:29)
	at harrypotter.tests.M2PublicTests.testOnGryffindorTraitTaskScenario4(M2PublicTests.java:3505)
	at sun.reflect.NativeMethodAccessorImpl.invoke0(Native Method)
	at sun.reflect.NativeMethodAccessorImpl.invoke(NativeMethodAccessorImpl.java:62)
	at sun.reflect.DelegatingMethodAccessorImpl.invoke(DelegatingMethodAccessorImpl.java:43)
	at java.lang.reflect.Method.invoke(Method.java:498)
	at org.junit.runners.model.FrameworkMethod$1.runReflectiveCall(FrameworkMethod.java:50)
	at org.junit.internal.runners.model.ReflectiveCallable.run(ReflectiveCallable.java:12)
	at org.junit.runners.model.FrameworkMethod.invokeExplosively(FrameworkMethod.java:52)
	at org.junit.internal.runners.statements.InvokeMethod.evaluate(InvokeMethod.java:17)
	at org.junit.internal.runners.statements.FailOnTimeout$CallableStatement.call(FailOnTimeout.java:298)
	at org.junit.internal.runners.statements.FailOnTimeout$CallableStatement.call(FailOnTimeout.java:292)
	at java.util.concurrent.FutureTask.run(FutureTask.java:266)
	at java.lang.Thread.run(Thread.java:745)

</error>
    </testcase>
    <testcase name="testOnGryffindorTraitTaskScenario6" classname="harrypotter.tests.M2PublicTests" time="1.02">
      <error>org.junit.runners.model.TestTimedOutException: test timed out after 1000 milliseconds
	at harrypotter.model.tournament.Task.&lt;init&gt;(Task.java:78)
	at harrypotter.model.tournament.SecondTask.&lt;init&gt;(SecondTask.java:28)
	at harrypotter.tests.M2PublicTests.testOnGryffindorTraitTaskScenario6(M2PublicTests.java:3596)
	at sun.reflect.NativeMethodAccessorImpl.invoke0(Native Method)
	at sun.reflect.NativeMethodAccessorImpl.invoke(NativeMethodAccessorImpl.java:62)
	at sun.reflect.DelegatingMethodAccessorImpl.invoke(DelegatingMethodAccessorImpl.java:43)
	at java.lang.reflect.Method.invoke(Method.java:498)
	at org.junit.runners.model.FrameworkMethod$1.runReflectiveCall(FrameworkMethod.java:50)
	at org.junit.internal.runners.model.ReflectiveCallable.run(ReflectiveCallable.java:12)
	at org.junit.runners.model.FrameworkMethod.invokeExplosively(FrameworkMethod.java:52)
	at org.junit.internal.runners.statements.InvokeMethod.evaluate(InvokeMethod.java:17)
	at org.junit.internal.runners.statements.FailOnTimeout$CallableStatement.call(FailOnTimeout.java:298)
	at org.junit.internal.runners.statements.FailOnTimeout$CallableStatement.call(FailOnTimeout.java:292)
	at java.util.concurrent.FutureTask.run(FutureTask.java:266)
	at java.lang.Thread.run(Thread.java:745)

</error>
    </testcase>
    <testcase name="testOnGryffindorTraitTaskScenario7" classname="harrypotter.tests.M2PublicTests" time="1.002">
      <error>org.junit.runners.model.TestTimedOutException: test timed out after 1000 milliseconds
	at harrypotter.model.tournament.Task.&lt;init&gt;(Task.java:78)
	at harrypotter.model.tournament.ThirdTask.&lt;init&gt;(ThirdTask.java:29)
	at harrypotter.tests.M2PublicTests.testOnGryffindorTraitTaskScenario7(M2PublicTests.java:3739)
	at sun.reflect.NativeMethodAccessorImpl.invoke0(Native Method)
	at sun.reflect.NativeMethodAccessorImpl.invoke(NativeMethodAccessorImpl.java:62)
	at sun.reflect.DelegatingMethodAccessorImpl.invoke(DelegatingMethodAccessorImpl.java:43)
	at java.lang.reflect.Method.invoke(Method.java:498)
	at org.junit.runners.model.FrameworkMethod$1.runReflectiveCall(FrameworkMethod.java:50)
	at org.junit.internal.runners.model.ReflectiveCallable.run(ReflectiveCallable.java:12)
	at org.junit.runners.model.FrameworkMethod.invokeExplosively(FrameworkMethod.java:52)
	at org.junit.internal.runners.statements.InvokeMethod.evaluate(InvokeMethod.java:17)
	at org.junit.internal.runners.statements.FailOnTimeout$CallableStatement.call(FailOnTimeout.java:298)
	at org.junit.internal.runners.statements.FailOnTimeout$CallableStatement.call(FailOnTimeout.java:292)
	at java.util.concurrent.FutureTask.run(FutureTask.java:266)
	at java.lang.Thread.run(Thread.java:745)

</error>
    </testcase>
    <testcase name="testOnGryffindorTraitTaskScenario8" classname="harrypotter.tests.M2PublicTests" time="1.003">
      <error>org.junit.runners.model.TestTimedOutException: test timed out after 1000 milliseconds
	at harrypotter.model.tournament.Task.&lt;init&gt;(Task.java:78)
	at harrypotter.model.tournament.FirstTask.&lt;init&gt;(FirstTask.java:28)
	at harrypotter.tests.M2PublicTests.testOnGryffindorTraitTaskScenario8(M2PublicTests.java:3880)
	at sun.reflect.NativeMethodAccessorImpl.invoke0(Native Method)
	at sun.reflect.NativeMethodAccessorImpl.invoke(NativeMethodAccessorImpl.java:62)
	at sun.reflect.DelegatingMethodAccessorImpl.invoke(DelegatingMethodAccessorImpl.java:43)
	at java.lang.reflect.Method.invoke(Method.java:498)
	at org.junit.runners.model.FrameworkMethod$1.runReflectiveCall(FrameworkMethod.java:50)
	at org.junit.internal.runners.model.ReflectiveCallable.run(ReflectiveCallable.java:12)
	at org.junit.runners.model.FrameworkMethod.invokeExplosively(FrameworkMethod.java:52)
	at org.junit.internal.runners.statements.InvokeMethod.evaluate(InvokeMethod.java:17)
	at org.junit.internal.runners.statements.FailOnTimeout$CallableStatement.call(FailOnTimeout.java:298)
	at org.junit.internal.runners.statements.FailOnTimeout$CallableStatement.call(FailOnTimeout.java:292)
	at java.util.concurrent.FutureTask.run(FutureTask.java:266)
	at java.lang.Thread.run(Thread.java:745)

</error>
    </testcase>
    <testcase name="testOnGryffindorTraitTaskScenario9" classname="harrypotter.tests.M2PublicTests" time="1.004">
      <error>org.junit.runners.model.TestTimedOutException: test timed out after 1000 milliseconds
	at harrypotter.model.tournament.Task.&lt;init&gt;(Task.java:78)
	at harrypotter.model.tournament.SecondTask.&lt;init&gt;(SecondTask.java:28)
	at harrypotter.tests.M2PublicTests.testOnGryffindorTraitTaskScenario9(M2PublicTests.java:3994)
	at sun.reflect.NativeMethodAccessorImpl.invoke0(Native Method)
	at sun.reflect.NativeMethodAccessorImpl.invoke(NativeMethodAccessorImpl.java:62)
	at sun.reflect.DelegatingMethodAccessorImpl.invoke(DelegatingMethodAccessorImpl.java:43)
	at java.lang.reflect.Method.invoke(Method.java:498)
	at org.junit.runners.model.FrameworkMethod$1.runReflectiveCall(FrameworkMethod.java:50)
	at org.junit.internal.runners.model.ReflectiveCallable.run(ReflectiveCallable.java:12)
	at org.junit.runners.model.FrameworkMethod.invokeExplosively(FrameworkMethod.java:52)
	at org.junit.internal.runners.statements.InvokeMethod.evaluate(InvokeMethod.java:17)
	at org.junit.internal.runners.statements.FailOnTimeout$CallableStatement.call(FailOnTimeout.java:298)
	at org.junit.internal.runners.statements.FailOnTimeout$CallableStatement.call(FailOnTimeout.java:292)
	at java.util.concurrent.FutureTask.run(FutureTask.java:266)
	at java.lang.Thread.run(Thread.java:745)

</error>
    </testcase>
    <testcase name="testMethodHealingSpellCallsUseSpell" classname="harrypotter.tests.M2PublicTests" time="1.004">
      <error>org.junit.runners.model.TestTimedOutException: test timed out after 1000 milliseconds
	at harrypotter.model.tournament.Task.&lt;init&gt;(Task.java:78)
	at harrypotter.model.tournament.FirstTask.&lt;init&gt;(FirstTask.java:28)
	at harrypotter.tests.M2PublicTests$23.&lt;init&gt;(M2PublicTests.java:2496)
	at harrypotter.tests.M2PublicTests.testMethodHealingSpellCallsUseSpell(M2PublicTests.java:2496)
	at sun.reflect.NativeMethodAccessorImpl.invoke0(Native Method)
	at sun.reflect.NativeMethodAccessorImpl.invoke(NativeMethodAccessorImpl.java:62)
	at sun.reflect.DelegatingMethodAccessorImpl.invoke(DelegatingMethodAccessorImpl.java:43)
	at java.lang.reflect.Method.invoke(Method.java:498)
	at org.junit.runners.model.FrameworkMethod$1.runReflectiveCall(FrameworkMethod.java:50)
	at org.junit.internal.runners.model.ReflectiveCallable.run(ReflectiveCallable.java:12)
	at org.junit.runners.model.FrameworkMethod.invokeExplosively(FrameworkMethod.java:52)
	at org.junit.internal.runners.statements.InvokeMethod.evaluate(InvokeMethod.java:17)
	at org.junit.internal.runners.statements.FailOnTimeout$CallableStatement.call(FailOnTimeout.java:298)
	at org.junit.internal.runners.statements.FailOnTimeout$CallableStatement.call(FailOnTimeout.java:292)
	at java.util.concurrent.FutureTask.run(FutureTask.java:266)
	at java.lang.Thread.run(Thread.java:745)

</error>
    </testcase>
    <testcase name="testMoveForwardToEggCellSecondTask" classname="harrypotter.tests.M2PublicTests" time="1.01">
      <error>org.junit.runners.model.TestTimedOutException: test timed out after 1000 milliseconds
	at harrypotter.model.tournament.Task.&lt;init&gt;(Task.java:78)
	at harrypotter.model.tournament.SecondTask.&lt;init&gt;(SecondTask.java:28)
	at harrypotter.tests.M2PublicTests.testMoveForwardToEggCellSecondTask(M2PublicTests.java:3063)
	at sun.reflect.NativeMethodAccessorImpl.invoke0(Native Method)
	at sun.reflect.NativeMethodAccessorImpl.invoke(NativeMethodAccessorImpl.java:62)
	at sun.reflect.DelegatingMethodAccessorImpl.invoke(DelegatingMethodAccessorImpl.java:43)
	at java.lang.reflect.Method.invoke(Method.java:498)
	at org.junit.runners.model.FrameworkMethod$1.runReflectiveCall(FrameworkMethod.java:50)
	at org.junit.internal.runners.model.ReflectiveCallable.run(ReflectiveCallable.java:12)
	at org.junit.runners.model.FrameworkMethod.invokeExplosively(FrameworkMethod.java:52)
	at org.junit.internal.runners.statements.InvokeMethod.evaluate(InvokeMethod.java:17)
	at org.junit.internal.runners.statements.FailOnTimeout$CallableStatement.call(FailOnTimeout.java:298)
	at org.junit.internal.runners.statements.FailOnTimeout$CallableStatement.call(FailOnTimeout.java:292)
	at java.util.concurrent.FutureTask.run(FutureTask.java:266)
	at java.lang.Thread.run(Thread.java:745)

</error>
    </testcase>
    <testcase name="testOnSlytherinTraitFirstTaskSetsDirectionVariableInSlythWizard" classname="harrypotter.tests.M2PublicTests" time="1.018">
      <error>org.junit.runners.model.TestTimedOutException: test timed out after 1000 milliseconds
	at harrypotter.model.tournament.Task.&lt;init&gt;(Task.java:78)
	at harrypotter.model.tournament.FirstTask.&lt;init&gt;(FirstTask.java:28)
	at harrypotter.tests.M2PublicTests.testOnSlytherinTraitFirstTaskSetsDirectionVariableInSlythWizard(M2PublicTests.java:4657)
	at sun.reflect.NativeMethodAccessorImpl.invoke0(Native Method)
	at sun.reflect.NativeMethodAccessorImpl.invoke(NativeMethodAccessorImpl.java:62)
	at sun.reflect.DelegatingMethodAccessorImpl.invoke(DelegatingMethodAccessorImpl.java:43)
	at java.lang.reflect.Method.invoke(Method.java:498)
	at org.junit.runners.model.FrameworkMethod$1.runReflectiveCall(FrameworkMethod.java:50)
	at org.junit.internal.runners.model.ReflectiveCallable.run(ReflectiveCallable.java:12)
	at org.junit.runners.model.FrameworkMethod.invokeExplosively(FrameworkMethod.java:52)
	at org.junit.internal.runners.statements.InvokeMethod.evaluate(InvokeMethod.java:17)
	at org.junit.internal.runners.statements.FailOnTimeout$CallableStatement.call(FailOnTimeout.java:298)
	at org.junit.internal.runners.statements.FailOnTimeout$CallableStatement.call(FailOnTimeout.java:292)
	at java.util.concurrent.FutureTask.run(FutureTask.java:266)
	at java.lang.Thread.run(Thread.java:745)

</error>
    </testcase>
    <testcase name="testEncounterMerPeopleChampionDead" classname="harrypotter.tests.M2PublicTests" time="1.004">
      <error>org.junit.runners.model.TestTimedOutException: test timed out after 1000 milliseconds
	at harrypotter.model.tournament.Task.&lt;init&gt;(Task.java:78)
	at harrypotter.model.tournament.SecondTask.&lt;init&gt;(SecondTask.java:28)
	at harrypotter.tests.M2PublicTests.testEncounterMerPeopleChampionDead(M2PublicTests.java:979)
	at sun.reflect.NativeMethodAccessorImpl.invoke0(Native Method)
	at sun.reflect.NativeMethodAccessorImpl.invoke(NativeMethodAccessorImpl.java:62)
	at sun.reflect.DelegatingMethodAccessorImpl.invoke(DelegatingMethodAccessorImpl.java:43)
	at java.lang.reflect.Method.invoke(Method.java:498)
	at org.junit.runners.model.FrameworkMethod$1.runReflectiveCall(FrameworkMethod.java:50)
	at org.junit.internal.runners.model.ReflectiveCallable.run(ReflectiveCallable.java:12)
	at org.junit.runners.model.FrameworkMethod.invokeExplosively(FrameworkMethod.java:52)
	at org.junit.internal.runners.statements.InvokeMethod.evaluate(InvokeMethod.java:17)
	at org.junit.internal.runners.statements.FailOnTimeout$CallableStatement.call(FailOnTimeout.java:298)
	at org.junit.internal.runners.statements.FailOnTimeout$CallableStatement.call(FailOnTimeout.java:292)
	at java.util.concurrent.FutureTask.run(FutureTask.java:266)
	at java.lang.Thread.run(Thread.java:745)

</error>
    </testcase>
    <testcase name="testEncounterOneMerPerson" classname="harrypotter.tests.M2PublicTests" time="1.003">
      <error>org.junit.runners.model.TestTimedOutException: test timed out after 1000 milliseconds
	at harrypotter.model.tournament.Task.&lt;init&gt;(Task.java:78)
	at harrypotter.model.tournament.SecondTask.&lt;init&gt;(SecondTask.java:28)
	at harrypotter.tests.M2PublicTests.testEncounterOneMerPerson(M2PublicTests.java:1166)
	at sun.reflect.NativeMethodAccessorImpl.invoke0(Native Method)
	at sun.reflect.NativeMethodAccessorImpl.invoke(NativeMethodAccessorImpl.java:62)
	at sun.reflect.DelegatingMethodAccessorImpl.invoke(DelegatingMethodAccessorImpl.java:43)
	at java.lang.reflect.Method.invoke(Method.java:498)
	at org.junit.runners.model.FrameworkMethod$1.runReflectiveCall(FrameworkMethod.java:50)
	at org.junit.internal.runners.model.ReflectiveCallable.run(ReflectiveCallable.java:12)
	at org.junit.runners.model.FrameworkMethod.invokeExplosively(FrameworkMethod.java:52)
	at org.junit.internal.runners.statements.InvokeMethod.evaluate(InvokeMethod.java:17)
	at org.junit.internal.runners.statements.FailOnTimeout$CallableStatement.call(FailOnTimeout.java:298)
	at org.junit.internal.runners.statements.FailOnTimeout$CallableStatement.call(FailOnTimeout.java:292)
	at java.util.concurrent.FutureTask.run(FutureTask.java:266)
	at java.lang.Thread.run(Thread.java:745)

</error>
    </testcase>
    <testcase name="testFinalizeActionMethodInClassTask" classname="harrypotter.tests.M2PublicTests" time="0.004"/>
    <testcase name="testTaskListenerVariableSetter" classname="harrypotter.tests.M2PublicTests" time="0.003"/>
    <testcase name="testMethodUsePotions1" classname="harrypotter.tests.M2PublicTests" time="1.006">
      <error>org.junit.runners.model.TestTimedOutException: test timed out after 1000 milliseconds
	at harrypotter.model.tournament.Task.&lt;init&gt;(Task.java:78)
	at harrypotter.model.tournament.FirstTask.&lt;init&gt;(FirstTask.java:28)
	at harrypotter.tests.M2PublicTests.testMethodUsePotions1(M2PublicTests.java:2593)
	at sun.reflect.NativeMethodAccessorImpl.invoke0(Native Method)
	at sun.reflect.NativeMethodAccessorImpl.invoke(NativeMethodAccessorImpl.java:62)
	at sun.reflect.DelegatingMethodAccessorImpl.invoke(DelegatingMethodAccessorImpl.java:43)
	at java.lang.reflect.Method.invoke(Method.java:498)
	at org.junit.runners.model.FrameworkMethod$1.runReflectiveCall(FrameworkMethod.java:50)
	at org.junit.internal.runners.model.ReflectiveCallable.run(ReflectiveCallable.java:12)
	at org.junit.runners.model.FrameworkMethod.invokeExplosively(FrameworkMethod.java:52)
	at org.junit.internal.runners.statements.InvokeMethod.evaluate(InvokeMethod.java:17)
	at org.junit.internal.runners.statements.FailOnTimeout$CallableStatement.call(FailOnTimeout.java:298)
	at org.junit.internal.runners.statements.FailOnTimeout$CallableStatement.call(FailOnTimeout.java:292)
	at java.util.concurrent.FutureTask.run(FutureTask.java:266)
	at java.lang.Thread.run(Thread.java:745)

</error>
    </testcase>
    <testcase name="testMethodUsePotions4" classname="harrypotter.tests.M2PublicTests" incomplete="true"/>
    <testcase name="testSecondTaskClassNotifiesListenerWhenTwoChampionsWin" classname="harrypotter.tests.M2PublicTests" incomplete="true"/>
    <testcase name="testTurnAfterBothChampionsDieByDragonFire" classname="harrypotter.tests.M2PublicTests" incomplete="true"/>
    <testcase name="testOnHufflepuffTraitFirstTaskClass1" classname="harrypotter.tests.M2PublicTests" incomplete="true"/>
    <testcase name="testOnHufflepuffTraitFirstTaskClass2" classname="harrypotter.tests.M2PublicTests" incomplete="true"/>
    <testcase name="testMethodCastHealingSpell1" classname="harrypotter.tests.M2PublicTests" incomplete="true"/>
    <testcase name="testCurrentChampIsSetCorrectly" classname="harrypotter.tests.M2PublicTests" incomplete="true"/>
    <testcase name="testTaskClassImplementsWizardListener" classname="harrypotter.tests.M2PublicTests" incomplete="true"/>
    <testcase name="testFirstTaskListenerIsSetCorrectly" classname="harrypotter.tests.M2PublicTests" incomplete="true"/>
    <testcase name="testOnSlytherinTraitInFirstTaskClass3" classname="harrypotter.tests.M2PublicTests" incomplete="true"/>
    <testcase name="testMoveForwardToEggCellThirdTask" classname="harrypotter.tests.M2PublicTests" incomplete="true"/>
    <testcase name="testMethodsInTaskListenerInterface" classname="harrypotter.tests.M2PublicTests" incomplete="true"/>
    <testcase name="testInstanceVariableMarkedCellsInFirstTaskClass" classname="harrypotter.tests.M2PublicTests" incomplete="true"/>
    <testcase name="testCastDamagingSpellOnObstacleCell1" classname="harrypotter.tests.M2PublicTests" incomplete="true"/>
    <testcase name="testTurnAfterCurrentChampionDieByMerPerson" classname="harrypotter.tests.M2PublicTests" incomplete="true"/>
    <testcase name="testOnSlytherinTraitInSecondTaskClass3" classname="harrypotter.tests.M2PublicTests" incomplete="true"/>
    <testcase name="testMethodFireIsCalledPerTurn1" classname="harrypotter.tests.M2PublicTests" incomplete="true"/>
    <testcase name="testMarkCellsObstcles" classname="harrypotter.tests.M2PublicTests" incomplete="true"/>
    <testcase name="testFireEffectOnOtherCellTypes" classname="harrypotter.tests.M2PublicTests" incomplete="true"/>
    <testcase name="testOnRavenclawTraitInSecondTaskClass1" classname="harrypotter.tests.M2PublicTests" incomplete="true"/>
    <testcase name="testOnRavenclawTraitInSecondTaskClass2" classname="harrypotter.tests.M2PublicTests" incomplete="true"/>
    <testcase name="testCastRelocatingSpellOnObstacleCell" classname="harrypotter.tests.M2PublicTests" incomplete="true"/>
    <testcase name="testChampionsLocationIsSetCorrectly" classname="harrypotter.tests.M2PublicTests" incomplete="true"/>
    <testcase name="testMethodUseSpell1" classname="harrypotter.tests.M2PublicTests" incomplete="true"/>
    <testcase name="testMethodsInWizardListenerInterface" classname="harrypotter.tests.M2PublicTests" incomplete="true"/>
    <testcase name="testDragonFireOnOtherChampionWhenChampionGoesToEggCell" classname="harrypotter.tests.M2PublicTests" incomplete="true"/>
    <testcase name="testWizardListenerVariableInWizardClass" classname="harrypotter.tests.M2PublicTests" incomplete="true"/>
    <testcase name="testOnRavenclawTraitInFirstTaskClass2" classname="harrypotter.tests.M2PublicTests" incomplete="true"/>
    <testcase name="testOnRavenclawTraitInFirstTaskClass3" classname="harrypotter.tests.M2PublicTests" incomplete="true"/>
    <testcase name="testBeginTournamentIntializesFirstTaskCorrectly" classname="harrypotter.tests.M2PublicTests" incomplete="true"/>
    <testcase name="testTraitCooldownIsDecrementedPerTurn" classname="harrypotter.tests.M2PublicTests" incomplete="true"/>
    <testcase name="testTaskListenerVariableInTaskClass" classname="harrypotter.tests.M2PublicTests" incomplete="true"/>
    <testcase name="testWizardListenerIsInterface" classname="harrypotter.tests.M2PublicTests" incomplete="true"/>
    <testcase name="testOnSlytherinTraitInThirdTaskClass1" classname="harrypotter.tests.M2PublicTests" incomplete="true"/>
    <testcase name="testDragonFireDamageCurrentChamp" classname="harrypotter.tests.M2PublicTests" incomplete="true"/>
    <testcase name="testConstructorFirstTaskInitialization" classname="harrypotter.tests.M2PublicTests" incomplete="true"/>
    <testcase name="testMethodEncounterMerpersonIsCalledPerTurn2" classname="harrypotter.tests.M2PublicTests" incomplete="true"/>
    <testcase name="testTaskListenerIsInterface" classname="harrypotter.tests.M2PublicTests" incomplete="true"/>
    <testcase name="testOnGryffindorTraitSubClass" classname="harrypotter.tests.M2PublicTests" incomplete="true"/>
    <testcase name="testThirdTaskClassNotifiesListenerWhenAChampionWins" classname="harrypotter.tests.M2PublicTests" incomplete="true"/>
    <testcase name="testInstanceVariableMarkedCellsInFirstTaskClassGetter" classname="harrypotter.tests.M2PublicTests" incomplete="true"/>
    <testcase name="testOnGryffindorTrait1" classname="harrypotter.tests.M2PublicTests" incomplete="true"/>
    <testcase name="testOnGryffindorTrait2" classname="harrypotter.tests.M2PublicTests" incomplete="true"/>
    <testcase name="testOnGryffindorTrait3" classname="harrypotter.tests.M2PublicTests" incomplete="true"/>
    <testcase name="testGetTargetPoint" classname="harrypotter.tests.M2PublicTests" incomplete="true"/>
    <testcase name="testMoveForwardToTreasureCell" classname="harrypotter.tests.M2PublicTests" incomplete="true"/>
    <testcase name="testCastRelocatingSpellCallsUseSpell" classname="harrypotter.tests.M2PublicTests" incomplete="true"/>
    <testcase name="testInstanceVariableMarkedCellsInFirstTaskClassSetter" classname="harrypotter.tests.M2PublicTests" incomplete="true"/>
    <testcase name="testEncounterMerPersonNotCurrentChampion" classname="harrypotter.tests.M2PublicTests" incomplete="true"/>
    <testcase name="testCastDamagingSpellOnChampionCellThirdTaskHufflepuffWizard" classname="harrypotter.tests.M2PublicTests" incomplete="true"/>
    <testcase name="testOnHuffelpuffTraitFirstTaskScenario" classname="harrypotter.tests.M2PublicTests" incomplete="true"/>
    <testcase name="testTraitActivatedPerTurn" classname="harrypotter.tests.M2PublicTests" incomplete="true"/>
    <testcase name="testTurnAfterOtherChampionDieByDragonFire" classname="harrypotter.tests.M2PublicTests" incomplete="true"/>
    <testcase name="testOnSlytherinTraitThirdTaskSetsDirectionVariableInSlythWizard" classname="harrypotter.tests.M2PublicTests" incomplete="true"/>
    <testcase name="testCastRelocatingSpellCallsFinalizeAction" classname="harrypotter.tests.M2PublicTests" incomplete="true"/>
    <testcase name="testOnRavenclawTraitInThirdTaskClass2" classname="harrypotter.tests.M2PublicTests" incomplete="true"/>
    <testcase name="testOnRavenclawTraitInThirdTaskClass3" classname="harrypotter.tests.M2PublicTests" incomplete="true"/>
    <testcase name="testThirdTaskClassHandlesNullListenerWhenAChampionWins" classname="harrypotter.tests.M2PublicTests" incomplete="true"/>
    <testcase name="testMarkCellsCount" classname="harrypotter.tests.M2PublicTests" incomplete="true"/>
    <testcase name="testMarkCellsRange" classname="harrypotter.tests.M2PublicTests" incomplete="true"/>
    <testcase name="testMoveForwardToEggCell" classname="harrypotter.tests.M2PublicTests" incomplete="true"/>
    <testcase name="testHufflepuffWizardNotifiesListener" classname="harrypotter.tests.M2PublicTests" incomplete="true"/>
    <testcase name="testMoveForwardToEmptyCell" classname="harrypotter.tests.M2PublicTests" incomplete="true"/>
    <testcase name="testCastDamagingSpellOnChampionCell1" classname="harrypotter.tests.M2PublicTests" incomplete="true"/>
    <testcase name="testFirstTaskClassNotifiesListenerWhenAllChampionsDie" classname="harrypotter.tests.M2PublicTests" incomplete="true"/>
    <testcase name="testWizardListenerVariableGetter" classname="harrypotter.tests.M2PublicTests" incomplete="true"/>
    <testcase name="testGryffindorWizardNotifiesListener" classname="harrypotter.tests.M2PublicTests" incomplete="true"/>
    <testcase name="testSpellsCooldownIsDecrementedPerTurn" classname="harrypotter.tests.M2PublicTests" incomplete="true"/>
    <testcase name="testMerPersonDamageOnChampionInTreassureCell" classname="harrypotter.tests.M2PublicTests" incomplete="true"/>
    <testcase name="testOnSlytherinTraitSecondTaskSetsDirectionVariableInSlythWizard" classname="harrypotter.tests.M2PublicTests" incomplete="true"/>
    <testcase name="testWizardListenerVariableSetter" classname="harrypotter.tests.M2PublicTests" incomplete="true"/>
    <testcase name="testMoveForwardToCollectibeCell" classname="harrypotter.tests.M2PublicTests" incomplete="true"/>
    <testcase name="testFirstTaskClassHandlesNullListenerWhenFourChampionsWin" classname="harrypotter.tests.M2PublicTests" incomplete="true"/>
    <testcase name="testEncounterTwoMerPeople" classname="harrypotter.tests.M2PublicTests" incomplete="true"/>
    <testcase name="testOnHufflepuffTraitSecondTaskClass1" classname="harrypotter.tests.M2PublicTests" incomplete="true"/>
    <testcase name="testTournamentClassImplementsTaskListener" classname="harrypotter.tests.M2PublicTests" incomplete="true"/>
    <testcase name="testMethodHealingSpellCallsFinalizeAction" classname="harrypotter.tests.M2PublicTests" incomplete="true"/>
    <testcase name="testTaskListenerVariableGetter" classname="harrypotter.tests.M2PublicTests" incomplete="true"/>
    <testcase name="testEncounterMerPeopleNotInRangeClose" classname="harrypotter.tests.M2PublicTests" incomplete="true"/>
    <testcase name="testFirstTaskClassNotifiesListenerWhenFourChampionsWin" classname="harrypotter.tests.M2PublicTests" incomplete="true"/>
  </testsuite>
</testrun>
