<?xml version="1.0" encoding="UTF-8"?><testrun name="M2PublicTests" project="harrypotter" tests="94" started="94" failures="3" errors="2" ignored="0">
  <testsuite name="harrypotter.tests.M2PublicTests" time="1.298">
    <testcase name="testOnGryffindorTraitTaskScenario1" classname="harrypotter.tests.M2PublicTests" time="0.142"/>
    <testcase name="testOnGryffindorTraitTaskScenario4" classname="harrypotter.tests.M2PublicTests" time="0.147"/>
    <testcase name="testOnGryffindorTraitTaskScenario6" classname="harrypotter.tests.M2PublicTests" time="0.144"/>
    <testcase name="testOnGryffindorTraitTaskScenario7" classname="harrypotter.tests.M2PublicTests" time="0.175"/>
    <testcase name="testOnGryffindorTraitTaskScenario8" classname="harrypotter.tests.M2PublicTests" time="0.069"/>
    <testcase name="testOnGryffindorTraitTaskScenario9" classname="harrypotter.tests.M2PublicTests" time="0.007">
      <failure>java.lang.AssertionError: In all Tasks, when GryffindorTrait is activated and the champion moves from a cell, it should be converted to an EmptyCell  expected:&lt;class harrypotter.model.world.EmptyCell&gt; but was:&lt;class harrypotter.model.world.ChampionCell&gt;
	at org.junit.Assert.fail(Assert.java:88)
	at org.junit.Assert.failNotEquals(Assert.java:834)
	at org.junit.Assert.assertEquals(Assert.java:118)
	at harrypotter.tests.M2PublicTests.testOnGryffindorTraitTaskScenario9(M2PublicTests.java:4086)
	at sun.reflect.NativeMethodAccessorImpl.invoke0(Native Method)
	at sun.reflect.NativeMethodAccessorImpl.invoke(NativeMethodAccessorImpl.java:62)
	at sun.reflect.DelegatingMethodAccessorImpl.invoke(DelegatingMethodAccessorImpl.java:43)
	at java.lang.reflect.Method.invoke(Method.java:498)
	at org.junit.runners.model.FrameworkMethod$1.runReflectiveCall(FrameworkMethod.java:50)
	at org.junit.internal.runners.model.ReflectiveCallable.run(ReflectiveCallable.java:12)
	at org.junit.runners.model.FrameworkMethod.invokeExplosively(FrameworkMethod.java:52)
	at org.junit.internal.runners.statements.InvokeMethod.evaluate(InvokeMethod.java:17)
	at org.junit.internal.runners.statements.FailOnTimeout$CallableStatement.call(FailOnTimeout.java:298)
	at org.junit.internal.runners.statements.FailOnTimeout$CallableStatement.call(FailOnTimeout.java:292)
	at java.util.concurrent.FutureTask.run(FutureTask.java:266)
	at java.lang.Thread.run(Thread.java:745)

</failure>
    </testcase>
    <testcase name="testMethodHealingSpellCallsUseSpell" classname="harrypotter.tests.M2PublicTests" time="0.003"/>
    <testcase name="testMoveForwardToEggCellSecondTask" classname="harrypotter.tests.M2PublicTests" time="0.003">
      <failure>java.lang.AssertionError: When a champion moves forward from a cell, it should be converted to an EmptyCell  expected:&lt;class harrypotter.model.world.EmptyCell&gt; but was:&lt;class harrypotter.model.world.ChampionCell&gt;
	at org.junit.Assert.fail(Assert.java:88)
	at org.junit.Assert.failNotEquals(Assert.java:834)
	at org.junit.Assert.assertEquals(Assert.java:118)
	at harrypotter.tests.M2PublicTests.testMoveForwardToEggCellSecondTask(M2PublicTests.java:3084)
	at sun.reflect.NativeMethodAccessorImpl.invoke0(Native Method)
	at sun.reflect.NativeMethodAccessorImpl.invoke(NativeMethodAccessorImpl.java:62)
	at sun.reflect.DelegatingMethodAccessorImpl.invoke(DelegatingMethodAccessorImpl.java:43)
	at java.lang.reflect.Method.invoke(Method.java:498)
	at org.junit.runners.model.FrameworkMethod$1.runReflectiveCall(FrameworkMethod.java:50)
	at org.junit.internal.runners.model.ReflectiveCallable.run(ReflectiveCallable.java:12)
	at org.junit.runners.model.FrameworkMethod.invokeExplosively(FrameworkMethod.java:52)
	at org.junit.internal.runners.statements.InvokeMethod.evaluate(InvokeMethod.java:17)
	at org.junit.internal.runners.statements.FailOnTimeout$CallableStatement.call(FailOnTimeout.java:298)
	at org.junit.internal.runners.statements.FailOnTimeout$CallableStatement.call(FailOnTimeout.java:292)
	at java.util.concurrent.FutureTask.run(FutureTask.java:266)
	at java.lang.Thread.run(Thread.java:745)

</failure>
    </testcase>
    <testcase name="testOnSlytherinTraitFirstTaskSetsDirectionVariableInSlythWizard" classname="harrypotter.tests.M2PublicTests" time="0.001"/>
    <testcase name="testEncounterMerPeopleChampionDead" classname="harrypotter.tests.M2PublicTests" time="0.009"/>
    <testcase name="testEncounterOneMerPerson" classname="harrypotter.tests.M2PublicTests" time="0.012"/>
    <testcase name="testFinalizeActionMethodInClassTask" classname="harrypotter.tests.M2PublicTests" time="0.001"/>
    <testcase name="testTaskListenerVariableSetter" classname="harrypotter.tests.M2PublicTests" time="0.002"/>
    <testcase name="testMethodUsePotions1" classname="harrypotter.tests.M2PublicTests" time="0.002"/>
    <testcase name="testMethodUsePotions4" classname="harrypotter.tests.M2PublicTests" time="0.005"/>
    <testcase name="testSecondTaskClassNotifiesListenerWhenTwoChampionsWin" classname="harrypotter.tests.M2PublicTests" time="0.002">
      <failure>java.lang.AssertionError: Upon completion of the second task, the SecondTask notifies the Tournament class
	at org.junit.Assert.fail(Assert.java:88)
	at org.junit.Assert.assertTrue(Assert.java:41)
	at harrypotter.tests.M2PublicTests.testSecondTaskClassNotifiesListenerWhenTwoChampionsWin(M2PublicTests.java:5148)
	at sun.reflect.NativeMethodAccessorImpl.invoke0(Native Method)
	at sun.reflect.NativeMethodAccessorImpl.invoke(NativeMethodAccessorImpl.java:62)
	at sun.reflect.DelegatingMethodAccessorImpl.invoke(DelegatingMethodAccessorImpl.java:43)
	at java.lang.reflect.Method.invoke(Method.java:498)
	at org.junit.runners.model.FrameworkMethod$1.runReflectiveCall(FrameworkMethod.java:50)
	at org.junit.internal.runners.model.ReflectiveCallable.run(ReflectiveCallable.java:12)
	at org.junit.runners.model.FrameworkMethod.invokeExplosively(FrameworkMethod.java:52)
	at org.junit.internal.runners.statements.InvokeMethod.evaluate(InvokeMethod.java:17)
	at org.junit.internal.runners.statements.FailOnTimeout$CallableStatement.call(FailOnTimeout.java:298)
	at org.junit.internal.runners.statements.FailOnTimeout$CallableStatement.call(FailOnTimeout.java:292)
	at java.util.concurrent.FutureTask.run(FutureTask.java:266)
	at java.lang.Thread.run(Thread.java:745)

</failure>
    </testcase>
    <testcase name="testTurnAfterBothChampionsDieByDragonFire" classname="harrypotter.tests.M2PublicTests" time="0.002"/>
    <testcase name="testOnHufflepuffTraitFirstTaskClass1" classname="harrypotter.tests.M2PublicTests" time="0.002"/>
    <testcase name="testOnHufflepuffTraitFirstTaskClass2" classname="harrypotter.tests.M2PublicTests" time="0.0"/>
    <testcase name="testMethodCastHealingSpell1" classname="harrypotter.tests.M2PublicTests" time="0.002"/>
    <testcase name="testCurrentChampIsSetCorrectly" classname="harrypotter.tests.M2PublicTests" time="0.001"/>
    <testcase name="testTaskClassImplementsWizardListener" classname="harrypotter.tests.M2PublicTests" time="0.004"/>
    <testcase name="testFirstTaskListenerIsSetCorrectly" classname="harrypotter.tests.M2PublicTests" time="0.002"/>
    <testcase name="testOnSlytherinTraitInFirstTaskClass3" classname="harrypotter.tests.M2PublicTests" time="0.002"/>
    <testcase name="testMoveForwardToEggCellThirdTask" classname="harrypotter.tests.M2PublicTests" time="0.002"/>
    <testcase name="testMethodsInTaskListenerInterface" classname="harrypotter.tests.M2PublicTests" time="0.001"/>
    <testcase name="testInstanceVariableMarkedCellsInFirstTaskClass" classname="harrypotter.tests.M2PublicTests" time="0.001"/>
    <testcase name="testCastDamagingSpellOnObstacleCell1" classname="harrypotter.tests.M2PublicTests" time="0.002"/>
    <testcase name="testTurnAfterCurrentChampionDieByMerPerson" classname="harrypotter.tests.M2PublicTests" time="0.001"/>
    <testcase name="testOnSlytherinTraitInSecondTaskClass3" classname="harrypotter.tests.M2PublicTests" time="0.096"/>
    <testcase name="testMethodFireIsCalledPerTurn1" classname="harrypotter.tests.M2PublicTests" time="0.002">
      <error>harrypotter.exceptions.InvalidTargetCellException: You are Trying to Move to an Invalid Target Cell
	at harrypotter.model.tournament.FirstTask.moveForward(FirstTask.java:173)
	at harrypotter.tests.M2PublicTests.testMethodFireIsCalledPerTurn1(M2PublicTests.java:2408)
	at sun.reflect.NativeMethodAccessorImpl.invoke0(Native Method)
	at sun.reflect.NativeMethodAccessorImpl.invoke(NativeMethodAccessorImpl.java:62)
	at sun.reflect.DelegatingMethodAccessorImpl.invoke(DelegatingMethodAccessorImpl.java:43)
	at java.lang.reflect.Method.invoke(Method.java:498)
	at org.junit.runners.model.FrameworkMethod$1.runReflectiveCall(FrameworkMethod.java:50)
	at org.junit.internal.runners.model.ReflectiveCallable.run(ReflectiveCallable.java:12)
	at org.junit.runners.model.FrameworkMethod.invokeExplosively(FrameworkMethod.java:52)
	at org.junit.internal.runners.statements.InvokeMethod.evaluate(InvokeMethod.java:17)
	at org.junit.internal.runners.statements.FailOnTimeout$CallableStatement.call(FailOnTimeout.java:298)
	at org.junit.internal.runners.statements.FailOnTimeout$CallableStatement.call(FailOnTimeout.java:292)
	at java.util.concurrent.FutureTask.run(FutureTask.java:266)
	at java.lang.Thread.run(Thread.java:745)

</error>
    </testcase>
    <testcase name="testMarkCellsObstcles" classname="harrypotter.tests.M2PublicTests" time="0.012"/>
    <testcase name="testFireEffectOnOtherCellTypes" classname="harrypotter.tests.M2PublicTests" time="0.014"/>
    <testcase name="testOnRavenclawTraitInSecondTaskClass1" classname="harrypotter.tests.M2PublicTests" time="0.099"/>
    <testcase name="testOnRavenclawTraitInSecondTaskClass2" classname="harrypotter.tests.M2PublicTests" time="0.001"/>
    <testcase name="testCastRelocatingSpellOnObstacleCell" classname="harrypotter.tests.M2PublicTests" time="0.002"/>
    <testcase name="testChampionsLocationIsSetCorrectly" classname="harrypotter.tests.M2PublicTests" time="0.001"/>
    <testcase name="testMethodUseSpell1" classname="harrypotter.tests.M2PublicTests" time="0.122"/>
    <testcase name="testMethodsInWizardListenerInterface" classname="harrypotter.tests.M2PublicTests" time="0.001"/>
    <testcase name="testDragonFireOnOtherChampionWhenChampionGoesToEggCell" classname="harrypotter.tests.M2PublicTests" time="0.011"/>
    <testcase name="testWizardListenerVariableInWizardClass" classname="harrypotter.tests.M2PublicTests" time="0.001"/>
    <testcase name="testOnRavenclawTraitInFirstTaskClass2" classname="harrypotter.tests.M2PublicTests" time="0.001"/>
    <testcase name="testOnRavenclawTraitInFirstTaskClass3" classname="harrypotter.tests.M2PublicTests" time="0.001"/>
    <testcase name="testBeginTournamentIntializesFirstTaskCorrectly" classname="harrypotter.tests.M2PublicTests" time="0.001"/>
    <testcase name="testTraitCooldownIsDecrementedPerTurn" classname="harrypotter.tests.M2PublicTests" time="0.0"/>
    <testcase name="testTaskListenerVariableInTaskClass" classname="harrypotter.tests.M2PublicTests" time="0.001"/>
    <testcase name="testWizardListenerIsInterface" classname="harrypotter.tests.M2PublicTests" time="0.0"/>
    <testcase name="testOnSlytherinTraitInThirdTaskClass1" classname="harrypotter.tests.M2PublicTests" time="0.002"/>
    <testcase name="testDragonFireDamageCurrentChamp" classname="harrypotter.tests.M2PublicTests" time="0.096"/>
    <testcase name="testConstructorFirstTaskInitialization" classname="harrypotter.tests.M2PublicTests" time="0.002"/>
    <testcase name="testMethodEncounterMerpersonIsCalledPerTurn2" classname="harrypotter.tests.M2PublicTests" time="0.001">
      <error>harrypotter.exceptions.InvalidTargetCellException: You are trying to target an invalid Cell
	at harrypotter.model.tournament.Task.castDamagingSpell(Task.java:605)
	at harrypotter.tests.M2PublicTests.testMethodEncounterMerpersonIsCalledPerTurn2(M2PublicTests.java:2321)
	at sun.reflect.NativeMethodAccessorImpl.invoke0(Native Method)
	at sun.reflect.NativeMethodAccessorImpl.invoke(NativeMethodAccessorImpl.java:62)
	at sun.reflect.DelegatingMethodAccessorImpl.invoke(DelegatingMethodAccessorImpl.java:43)
	at java.lang.reflect.Method.invoke(Method.java:498)
	at org.junit.runners.model.FrameworkMethod$1.runReflectiveCall(FrameworkMethod.java:50)
	at org.junit.internal.runners.model.ReflectiveCallable.run(ReflectiveCallable.java:12)
	at org.junit.runners.model.FrameworkMethod.invokeExplosively(FrameworkMethod.java:52)
	at org.junit.internal.runners.statements.InvokeMethod.evaluate(InvokeMethod.java:17)
	at org.junit.internal.runners.statements.FailOnTimeout$CallableStatement.call(FailOnTimeout.java:298)
	at org.junit.internal.runners.statements.FailOnTimeout$CallableStatement.call(FailOnTimeout.java:292)
	at java.util.concurrent.FutureTask.run(FutureTask.java:266)
	at java.lang.Thread.run(Thread.java:745)

</error>
    </testcase>
    <testcase name="testTaskListenerIsInterface" classname="harrypotter.tests.M2PublicTests" time="0.0"/>
    <testcase name="testOnGryffindorTraitSubClass" classname="harrypotter.tests.M2PublicTests" time="0.001"/>
    <testcase name="testThirdTaskClassNotifiesListenerWhenAChampionWins" classname="harrypotter.tests.M2PublicTests" time="0.001"/>
    <testcase name="testInstanceVariableMarkedCellsInFirstTaskClassGetter" classname="harrypotter.tests.M2PublicTests" time="0.001"/>
    <testcase name="testOnGryffindorTrait1" classname="harrypotter.tests.M2PublicTests" time="0.002"/>
    <testcase name="testOnGryffindorTrait2" classname="harrypotter.tests.M2PublicTests" time="0.002"/>
    <testcase name="testOnGryffindorTrait3" classname="harrypotter.tests.M2PublicTests" time="0.001"/>
    <testcase name="testGetTargetPoint" classname="harrypotter.tests.M2PublicTests" time="0.001"/>
    <testcase name="testMoveForwardToTreasureCell" classname="harrypotter.tests.M2PublicTests" time="0.001"/>
    <testcase name="testCastRelocatingSpellCallsUseSpell" classname="harrypotter.tests.M2PublicTests" time="0.002"/>
    <testcase name="testInstanceVariableMarkedCellsInFirstTaskClassSetter" classname="harrypotter.tests.M2PublicTests" time="0.0"/>
    <testcase name="testEncounterMerPersonNotCurrentChampion" classname="harrypotter.tests.M2PublicTests" time="0.01"/>
    <testcase name="testCastDamagingSpellOnChampionCellThirdTaskHufflepuffWizard" classname="harrypotter.tests.M2PublicTests" time="0.001"/>
    <testcase name="testOnHuffelpuffTraitFirstTaskScenario" classname="harrypotter.tests.M2PublicTests" time="0.001"/>
    <testcase name="testTraitActivatedPerTurn" classname="harrypotter.tests.M2PublicTests" time="0.001"/>
    <testcase name="testTurnAfterOtherChampionDieByDragonFire" classname="harrypotter.tests.M2PublicTests" time="0.001"/>
    <testcase name="testOnSlytherinTraitThirdTaskSetsDirectionVariableInSlythWizard" classname="harrypotter.tests.M2PublicTests" time="0.001"/>
    <testcase name="testCastRelocatingSpellCallsFinalizeAction" classname="harrypotter.tests.M2PublicTests" time="0.001"/>
    <testcase name="testOnRavenclawTraitInThirdTaskClass2" classname="harrypotter.tests.M2PublicTests" time="0.001"/>
    <testcase name="testOnRavenclawTraitInThirdTaskClass3" classname="harrypotter.tests.M2PublicTests" time="0.001"/>
    <testcase name="testThirdTaskClassHandlesNullListenerWhenAChampionWins" classname="harrypotter.tests.M2PublicTests" time="0.001"/>
    <testcase name="testMarkCellsCount" classname="harrypotter.tests.M2PublicTests" time="0.001"/>
    <testcase name="testMarkCellsRange" classname="harrypotter.tests.M2PublicTests" time="0.008"/>
    <testcase name="testMoveForwardToEggCell" classname="harrypotter.tests.M2PublicTests" time="0.001"/>
    <testcase name="testHufflepuffWizardNotifiesListener" classname="harrypotter.tests.M2PublicTests" time="0.002"/>
    <testcase name="testMoveForwardToEmptyCell" classname="harrypotter.tests.M2PublicTests" time="0.001"/>
    <testcase name="testCastDamagingSpellOnChampionCell1" classname="harrypotter.tests.M2PublicTests" time="0.001"/>
    <testcase name="testFirstTaskClassNotifiesListenerWhenAllChampionsDie" classname="harrypotter.tests.M2PublicTests" time="0.002"/>
    <testcase name="testWizardListenerVariableGetter" classname="harrypotter.tests.M2PublicTests" time="0.001"/>
    <testcase name="testGryffindorWizardNotifiesListener" classname="harrypotter.tests.M2PublicTests" time="0.001"/>
    <testcase name="testSpellsCooldownIsDecrementedPerTurn" classname="harrypotter.tests.M2PublicTests" time="0.001"/>
    <testcase name="testMerPersonDamageOnChampionInTreassureCell" classname="harrypotter.tests.M2PublicTests" time="0.001"/>
    <testcase name="testOnSlytherinTraitSecondTaskSetsDirectionVariableInSlythWizard" classname="harrypotter.tests.M2PublicTests" time="0.001"/>
    <testcase name="testWizardListenerVariableSetter" classname="harrypotter.tests.M2PublicTests" time="0.001"/>
    <testcase name="testMoveForwardToCollectibeCell" classname="harrypotter.tests.M2PublicTests" time="0.001"/>
    <testcase name="testFirstTaskClassHandlesNullListenerWhenFourChampionsWin" classname="harrypotter.tests.M2PublicTests" time="0.001"/>
    <testcase name="testEncounterTwoMerPeople" classname="harrypotter.tests.M2PublicTests" time="0.015"/>
    <testcase name="testOnHufflepuffTraitSecondTaskClass1" classname="harrypotter.tests.M2PublicTests" time="0.002"/>
    <testcase name="testTournamentClassImplementsTaskListener" classname="harrypotter.tests.M2PublicTests" time="0.001"/>
    <testcase name="testMethodHealingSpellCallsFinalizeAction" classname="harrypotter.tests.M2PublicTests" time="0.002"/>
    <testcase name="testTaskListenerVariableGetter" classname="harrypotter.tests.M2PublicTests" time="0.001"/>
    <testcase name="testEncounterMerPeopleNotInRangeClose" classname="harrypotter.tests.M2PublicTests" time="0.003"/>
    <testcase name="testFirstTaskClassNotifiesListenerWhenFourChampionsWin" classname="harrypotter.tests.M2PublicTests" time="0.002"/>
  </testsuite>
</testrun>
