<?xml version="1.0" encoding="UTF-8"?><testrun name="Rerun Rerun M2PublicTests (Failed Tests first)" project="harrypotter" tests="94" started="94" failures="12" errors="3" ignored="0">
  <testsuite name="harrypotter.tests.M2PublicTests" time="0.639">
    <testcase name="testMarkCellsRange" classname="harrypotter.tests.M2PublicTests" time="0.015">
      <failure>java.lang.AssertionError: The range of the chosen cells to be marked is incorrect&#13;
	at org.junit.Assert.fail(Assert.java:88)&#13;
	at org.junit.Assert.assertTrue(Assert.java:41)&#13;
	at harrypotter.tests.M2PublicTests.testMarkCellsRange(M2PublicTests.java:2102)&#13;
	at sun.reflect.NativeMethodAccessorImpl.invoke0(Native Method)&#13;
	at sun.reflect.NativeMethodAccessorImpl.invoke(NativeMethodAccessorImpl.java:62)&#13;
	at sun.reflect.DelegatingMethodAccessorImpl.invoke(DelegatingMethodAccessorImpl.java:43)&#13;
	at java.lang.reflect.Method.invoke(Method.java:483)&#13;
	at org.junit.runners.model.FrameworkMethod$1.runReflectiveCall(FrameworkMethod.java:47)&#13;
	at org.junit.internal.runners.model.ReflectiveCallable.run(ReflectiveCallable.java:12)&#13;
	at org.junit.runners.model.FrameworkMethod.invokeExplosively(FrameworkMethod.java:44)&#13;
	at org.junit.internal.runners.statements.InvokeMethod.evaluate(InvokeMethod.java:17)&#13;
	at org.junit.internal.runners.statements.FailOnTimeout$StatementThread.run(FailOnTimeout.java:74)&#13;
&#13;
</failure>
    </testcase>
    <testcase name="testTurnAfterOtherChampionDieByDragonFire" classname="harrypotter.tests.M2PublicTests" time="0.0"/>
    <testcase name="testOnSlytherinTraitInThirdTaskClass1" classname="harrypotter.tests.M2PublicTests" time="0.016">
      <failure>java.lang.AssertionError: In ThirdTask, onSlytherinTrait should allow the champion to move two cells in the map at a time&#13;
	at org.junit.Assert.fail(Assert.java:88)&#13;
	at harrypotter.tests.M2PublicTests.testOnSlytherinTraitInThirdTaskClass1(M2PublicTests.java:4863)&#13;
	at sun.reflect.NativeMethodAccessorImpl.invoke0(Native Method)&#13;
	at sun.reflect.NativeMethodAccessorImpl.invoke(NativeMethodAccessorImpl.java:62)&#13;
	at sun.reflect.DelegatingMethodAccessorImpl.invoke(DelegatingMethodAccessorImpl.java:43)&#13;
	at java.lang.reflect.Method.invoke(Method.java:483)&#13;
	at org.junit.runners.model.FrameworkMethod$1.runReflectiveCall(FrameworkMethod.java:47)&#13;
	at org.junit.internal.runners.model.ReflectiveCallable.run(ReflectiveCallable.java:12)&#13;
	at org.junit.runners.model.FrameworkMethod.invokeExplosively(FrameworkMethod.java:44)&#13;
	at org.junit.internal.runners.statements.InvokeMethod.evaluate(InvokeMethod.java:17)&#13;
	at org.junit.internal.runners.statements.FailOnTimeout$StatementThread.run(FailOnTimeout.java:74)&#13;
&#13;
</failure>
    </testcase>
    <testcase name="testCastRelocatingSpellOnObstacleCell" classname="harrypotter.tests.M2PublicTests" time="0.0">
      <failure>java.lang.AssertionError: In FirstTask, when a relocating spell is applied on an obstacle cell, the target cell should be an obstacle cell&#13;
	at org.junit.Assert.fail(Assert.java:88)&#13;
	at org.junit.Assert.assertTrue(Assert.java:41)&#13;
	at harrypotter.tests.M2PublicTests.testCastRelocatingSpellOnObstacleCell(M2PublicTests.java:447)&#13;
	at sun.reflect.NativeMethodAccessorImpl.invoke0(Native Method)&#13;
	at sun.reflect.NativeMethodAccessorImpl.invoke(NativeMethodAccessorImpl.java:62)&#13;
	at sun.reflect.DelegatingMethodAccessorImpl.invoke(DelegatingMethodAccessorImpl.java:43)&#13;
	at java.lang.reflect.Method.invoke(Method.java:483)&#13;
	at org.junit.runners.model.FrameworkMethod$1.runReflectiveCall(FrameworkMethod.java:47)&#13;
	at org.junit.internal.runners.model.ReflectiveCallable.run(ReflectiveCallable.java:12)&#13;
	at org.junit.runners.model.FrameworkMethod.invokeExplosively(FrameworkMethod.java:44)&#13;
	at org.junit.internal.runners.statements.InvokeMethod.evaluate(InvokeMethod.java:17)&#13;
	at org.junit.internal.runners.statements.FailOnTimeout$StatementThread.run(FailOnTimeout.java:74)&#13;
&#13;
</failure>
    </testcase>
    <testcase name="testOnRavenclawTraitInSecondTaskClass1" classname="harrypotter.tests.M2PublicTests" time="0.0">
      <failure>java.lang.AssertionError: In SecondTask, onRavenclawTrait should return the directions to the treasure cell correctly expected:&lt;2&gt; but was:&lt;1&gt;&#13;
	at org.junit.Assert.fail(Assert.java:88)&#13;
	at org.junit.Assert.failNotEquals(Assert.java:743)&#13;
	at org.junit.Assert.assertEquals(Assert.java:118)&#13;
	at org.junit.Assert.assertEquals(Assert.java:555)&#13;
	at harrypotter.tests.M2PublicTests.testOnRavenclawTraitInSecondTaskClass1(M2PublicTests.java:4377)&#13;
	at sun.reflect.NativeMethodAccessorImpl.invoke0(Native Method)&#13;
	at sun.reflect.NativeMethodAccessorImpl.invoke(NativeMethodAccessorImpl.java:62)&#13;
	at sun.reflect.DelegatingMethodAccessorImpl.invoke(DelegatingMethodAccessorImpl.java:43)&#13;
	at java.lang.reflect.Method.invoke(Method.java:483)&#13;
	at org.junit.runners.model.FrameworkMethod$1.runReflectiveCall(FrameworkMethod.java:47)&#13;
	at org.junit.internal.runners.model.ReflectiveCallable.run(ReflectiveCallable.java:12)&#13;
	at org.junit.runners.model.FrameworkMethod.invokeExplosively(FrameworkMethod.java:44)&#13;
	at org.junit.internal.runners.statements.InvokeMethod.evaluate(InvokeMethod.java:17)&#13;
	at org.junit.internal.runners.statements.FailOnTimeout$StatementThread.run(FailOnTimeout.java:74)&#13;
&#13;
</failure>
    </testcase>
    <testcase name="testMarkCellsObstcles" classname="harrypotter.tests.M2PublicTests" time="0.0">
      <failure>java.lang.AssertionError: One or both of the marked cells is in an incorrect location&#13;
	at org.junit.Assert.fail(Assert.java:88)&#13;
	at org.junit.Assert.assertTrue(Assert.java:41)&#13;
	at harrypotter.tests.M2PublicTests.testMarkCellsObstcles(M2PublicTests.java:2035)&#13;
	at sun.reflect.NativeMethodAccessorImpl.invoke0(Native Method)&#13;
	at sun.reflect.NativeMethodAccessorImpl.invoke(NativeMethodAccessorImpl.java:62)&#13;
	at sun.reflect.DelegatingMethodAccessorImpl.invoke(DelegatingMethodAccessorImpl.java:43)&#13;
	at java.lang.reflect.Method.invoke(Method.java:483)&#13;
	at org.junit.runners.model.FrameworkMethod$1.runReflectiveCall(FrameworkMethod.java:47)&#13;
	at org.junit.internal.runners.model.ReflectiveCallable.run(ReflectiveCallable.java:12)&#13;
	at org.junit.runners.model.FrameworkMethod.invokeExplosively(FrameworkMethod.java:44)&#13;
	at org.junit.internal.runners.statements.InvokeMethod.evaluate(InvokeMethod.java:17)&#13;
	at org.junit.internal.runners.statements.FailOnTimeout$StatementThread.run(FailOnTimeout.java:74)&#13;
&#13;
</failure>
    </testcase>
    <testcase name="testTurnAfterCurrentChampionDieByMerPerson" classname="harrypotter.tests.M2PublicTests" time="0.0"/>
    <testcase name="testTurnAfterBothChampionsDieByDragonFire" classname="harrypotter.tests.M2PublicTests" time="0.0"/>
    <testcase name="testSecondTaskClassNotifiesListenerWhenTwoChampionsWin" classname="harrypotter.tests.M2PublicTests" time="0.0">
      <failure>java.lang.AssertionError: Upon completion of the second task, the SecondTask notifies the Tournament class&#13;
	at org.junit.Assert.fail(Assert.java:88)&#13;
	at org.junit.Assert.assertTrue(Assert.java:41)&#13;
	at harrypotter.tests.M2PublicTests.testSecondTaskClassNotifiesListenerWhenTwoChampionsWin(M2PublicTests.java:5148)&#13;
	at sun.reflect.NativeMethodAccessorImpl.invoke0(Native Method)&#13;
	at sun.reflect.NativeMethodAccessorImpl.invoke(NativeMethodAccessorImpl.java:62)&#13;
	at sun.reflect.DelegatingMethodAccessorImpl.invoke(DelegatingMethodAccessorImpl.java:43)&#13;
	at java.lang.reflect.Method.invoke(Method.java:483)&#13;
	at org.junit.runners.model.FrameworkMethod$1.runReflectiveCall(FrameworkMethod.java:47)&#13;
	at org.junit.internal.runners.model.ReflectiveCallable.run(ReflectiveCallable.java:12)&#13;
	at org.junit.runners.model.FrameworkMethod.invokeExplosively(FrameworkMethod.java:44)&#13;
	at org.junit.internal.runners.statements.InvokeMethod.evaluate(InvokeMethod.java:17)&#13;
	at org.junit.internal.runners.statements.FailOnTimeout$StatementThread.run(FailOnTimeout.java:74)&#13;
&#13;
</failure>
    </testcase>
    <testcase name="testOnGryffindorTraitTaskScenario7" classname="harrypotter.tests.M2PublicTests" time="0.0">
      <failure>java.lang.AssertionError: In all Tasks, when GryffindorTrait is activated and the champion moves from a cell, it should be converted to an EmptyCell  expected:&lt;class harrypotter.model.world.EmptyCell&gt; but was:&lt;class harrypotter.model.world.ChampionCell&gt;&#13;
	at org.junit.Assert.fail(Assert.java:88)&#13;
	at org.junit.Assert.failNotEquals(Assert.java:743)&#13;
	at org.junit.Assert.assertEquals(Assert.java:118)&#13;
	at harrypotter.tests.M2PublicTests.testOnGryffindorTraitTaskScenario7(M2PublicTests.java:3854)&#13;
	at sun.reflect.NativeMethodAccessorImpl.invoke0(Native Method)&#13;
	at sun.reflect.NativeMethodAccessorImpl.invoke(NativeMethodAccessorImpl.java:62)&#13;
	at sun.reflect.DelegatingMethodAccessorImpl.invoke(DelegatingMethodAccessorImpl.java:43)&#13;
	at java.lang.reflect.Method.invoke(Method.java:483)&#13;
	at org.junit.runners.model.FrameworkMethod$1.runReflectiveCall(FrameworkMethod.java:47)&#13;
	at org.junit.internal.runners.model.ReflectiveCallable.run(ReflectiveCallable.java:12)&#13;
	at org.junit.runners.model.FrameworkMethod.invokeExplosively(FrameworkMethod.java:44)&#13;
	at org.junit.internal.runners.statements.InvokeMethod.evaluate(InvokeMethod.java:17)&#13;
	at org.junit.internal.runners.statements.FailOnTimeout$StatementThread.run(FailOnTimeout.java:74)&#13;
&#13;
</failure>
    </testcase>
    <testcase name="testOnGryffindorTraitTaskScenario4" classname="harrypotter.tests.M2PublicTests" time="0.015">
      <failure>java.lang.AssertionError: In all Tasks, when GryffindorTrait is activated the current champion should be updated only after finishing his/her two actions expected:&lt;harrypotter.model.character.GryffindorWizard@3deff0&gt; but was:&lt;harrypotter.model.character.HufflepuffWizard@fa0107&gt;&#13;
	at org.junit.Assert.fail(Assert.java:88)&#13;
	at org.junit.Assert.failNotEquals(Assert.java:743)&#13;
	at org.junit.Assert.assertEquals(Assert.java:118)&#13;
	at harrypotter.tests.M2PublicTests.testOnGryffindorTraitTaskScenario4(M2PublicTests.java:3549)&#13;
	at sun.reflect.NativeMethodAccessorImpl.invoke0(Native Method)&#13;
	at sun.reflect.NativeMethodAccessorImpl.invoke(NativeMethodAccessorImpl.java:62)&#13;
	at sun.reflect.DelegatingMethodAccessorImpl.invoke(DelegatingMethodAccessorImpl.java:43)&#13;
	at java.lang.reflect.Method.invoke(Method.java:483)&#13;
	at org.junit.runners.model.FrameworkMethod$1.runReflectiveCall(FrameworkMethod.java:47)&#13;
	at org.junit.internal.runners.model.ReflectiveCallable.run(ReflectiveCallable.java:12)&#13;
	at org.junit.runners.model.FrameworkMethod.invokeExplosively(FrameworkMethod.java:44)&#13;
	at org.junit.internal.runners.statements.InvokeMethod.evaluate(InvokeMethod.java:17)&#13;
	at org.junit.internal.runners.statements.FailOnTimeout$StatementThread.run(FailOnTimeout.java:74)&#13;
&#13;
</failure>
    </testcase>
    <testcase name="testOnGryffindorTraitTaskScenario1" classname="harrypotter.tests.M2PublicTests" time="0.0">
      <failure>java.lang.AssertionError: In all Tasks, when GryffindorTrait is activated the current champion should be updated only after finishing his/her two actions expected:&lt;harrypotter.model.character.GryffindorWizard@7a19c5&gt; but was:&lt;harrypotter.model.character.HufflepuffWizard@bde67a&gt;&#13;
	at org.junit.Assert.fail(Assert.java:88)&#13;
	at org.junit.Assert.failNotEquals(Assert.java:743)&#13;
	at org.junit.Assert.assertEquals(Assert.java:118)&#13;
	at harrypotter.tests.M2PublicTests.testOnGryffindorTraitTaskScenario1(M2PublicTests.java:3440)&#13;
	at sun.reflect.NativeMethodAccessorImpl.invoke0(Native Method)&#13;
	at sun.reflect.NativeMethodAccessorImpl.invoke(NativeMethodAccessorImpl.java:62)&#13;
	at sun.reflect.DelegatingMethodAccessorImpl.invoke(DelegatingMethodAccessorImpl.java:43)&#13;
	at java.lang.reflect.Method.invoke(Method.java:483)&#13;
	at org.junit.runners.model.FrameworkMethod$1.runReflectiveCall(FrameworkMethod.java:47)&#13;
	at org.junit.internal.runners.model.ReflectiveCallable.run(ReflectiveCallable.java:12)&#13;
	at org.junit.runners.model.FrameworkMethod.invokeExplosively(FrameworkMethod.java:44)&#13;
	at org.junit.internal.runners.statements.InvokeMethod.evaluate(InvokeMethod.java:17)&#13;
	at org.junit.internal.runners.statements.FailOnTimeout$StatementThread.run(FailOnTimeout.java:74)&#13;
&#13;
</failure>
    </testcase>
    <testcase name="testOnGryffindorTraitTaskScenario6" classname="harrypotter.tests.M2PublicTests" time="0.188"/>
    <testcase name="testOnGryffindorTraitTaskScenario8" classname="harrypotter.tests.M2PublicTests" time="0.0">
      <failure>java.lang.AssertionError: In FirstTask, when GryffindorTrait is activated the current champion should not be changed until the champion makes his/her two actions  expected:&lt;harrypotter.model.character.GryffindorWizard@1754f22&gt; but was:&lt;harrypotter.model.character.HufflepuffWizard@1b2b83c&gt;&#13;
	at org.junit.Assert.fail(Assert.java:88)&#13;
	at org.junit.Assert.failNotEquals(Assert.java:743)&#13;
	at org.junit.Assert.assertEquals(Assert.java:118)&#13;
	at harrypotter.tests.M2PublicTests.testOnGryffindorTraitTaskScenario8(M2PublicTests.java:3964)&#13;
	at sun.reflect.NativeMethodAccessorImpl.invoke0(Native Method)&#13;
	at sun.reflect.NativeMethodAccessorImpl.invoke(NativeMethodAccessorImpl.java:62)&#13;
	at sun.reflect.DelegatingMethodAccessorImpl.invoke(DelegatingMethodAccessorImpl.java:43)&#13;
	at java.lang.reflect.Method.invoke(Method.java:483)&#13;
	at org.junit.runners.model.FrameworkMethod$1.runReflectiveCall(FrameworkMethod.java:47)&#13;
	at org.junit.internal.runners.model.ReflectiveCallable.run(ReflectiveCallable.java:12)&#13;
	at org.junit.runners.model.FrameworkMethod.invokeExplosively(FrameworkMethod.java:44)&#13;
	at org.junit.internal.runners.statements.InvokeMethod.evaluate(InvokeMethod.java:17)&#13;
	at org.junit.internal.runners.statements.FailOnTimeout$StatementThread.run(FailOnTimeout.java:74)&#13;
&#13;
</failure>
    </testcase>
    <testcase name="testOnGryffindorTraitTaskScenario9" classname="harrypotter.tests.M2PublicTests" time="0.0">
      <failure>java.lang.AssertionError: In SecondTask, when GryffindorTrait is activated the current champion should not be changed until the champion makes his/her two actions  expected:&lt;harrypotter.model.character.GryffindorWizard@d5ddab&gt; but was:&lt;harrypotter.model.character.HufflepuffWizard@123e01&gt;&#13;
	at org.junit.Assert.fail(Assert.java:88)&#13;
	at org.junit.Assert.failNotEquals(Assert.java:743)&#13;
	at org.junit.Assert.assertEquals(Assert.java:118)&#13;
	at harrypotter.tests.M2PublicTests.testOnGryffindorTraitTaskScenario9(M2PublicTests.java:4082)&#13;
	at sun.reflect.NativeMethodAccessorImpl.invoke0(Native Method)&#13;
	at sun.reflect.NativeMethodAccessorImpl.invoke(NativeMethodAccessorImpl.java:62)&#13;
	at sun.reflect.DelegatingMethodAccessorImpl.invoke(DelegatingMethodAccessorImpl.java:43)&#13;
	at java.lang.reflect.Method.invoke(Method.java:483)&#13;
	at org.junit.runners.model.FrameworkMethod$1.runReflectiveCall(FrameworkMethod.java:47)&#13;
	at org.junit.internal.runners.model.ReflectiveCallable.run(ReflectiveCallable.java:12)&#13;
	at org.junit.runners.model.FrameworkMethod.invokeExplosively(FrameworkMethod.java:44)&#13;
	at org.junit.internal.runners.statements.InvokeMethod.evaluate(InvokeMethod.java:17)&#13;
	at org.junit.internal.runners.statements.FailOnTimeout$StatementThread.run(FailOnTimeout.java:74)&#13;
&#13;
</failure>
    </testcase>
    <testcase name="testMethodHealingSpellCallsUseSpell" classname="harrypotter.tests.M2PublicTests" time="0.0"/>
    <testcase name="testMoveForwardToEggCellSecondTask" classname="harrypotter.tests.M2PublicTests" time="0.0"/>
    <testcase name="testOnSlytherinTraitFirstTaskSetsDirectionVariableInSlythWizard" classname="harrypotter.tests.M2PublicTests" time="0.0"/>
    <testcase name="testEncounterMerPeopleChampionDead" classname="harrypotter.tests.M2PublicTests" time="0.0"/>
    <testcase name="testEncounterOneMerPerson" classname="harrypotter.tests.M2PublicTests" time="0.015"/>
    <testcase name="testFinalizeActionMethodInClassTask" classname="harrypotter.tests.M2PublicTests" time="0.0"/>
    <testcase name="testTaskListenerVariableSetter" classname="harrypotter.tests.M2PublicTests" time="0.0"/>
    <testcase name="testMethodUsePotions1" classname="harrypotter.tests.M2PublicTests" time="0.0"/>
    <testcase name="testMethodUsePotions4" classname="harrypotter.tests.M2PublicTests" time="0.0"/>
    <testcase name="testOnHufflepuffTraitFirstTaskClass1" classname="harrypotter.tests.M2PublicTests" time="0.0"/>
    <testcase name="testOnHufflepuffTraitFirstTaskClass2" classname="harrypotter.tests.M2PublicTests" time="0.0"/>
    <testcase name="testMethodCastHealingSpell1" classname="harrypotter.tests.M2PublicTests" time="0.0"/>
    <testcase name="testCurrentChampIsSetCorrectly" classname="harrypotter.tests.M2PublicTests" time="0.016"/>
    <testcase name="testTaskClassImplementsWizardListener" classname="harrypotter.tests.M2PublicTests" time="0.0"/>
    <testcase name="testFirstTaskListenerIsSetCorrectly" classname="harrypotter.tests.M2PublicTests" time="0.0"/>
    <testcase name="testOnSlytherinTraitInFirstTaskClass3" classname="harrypotter.tests.M2PublicTests" time="0.0"/>
    <testcase name="testMoveForwardToEggCellThirdTask" classname="harrypotter.tests.M2PublicTests" time="0.0"/>
    <testcase name="testMethodsInTaskListenerInterface" classname="harrypotter.tests.M2PublicTests" time="0.0"/>
    <testcase name="testInstanceVariableMarkedCellsInFirstTaskClass" classname="harrypotter.tests.M2PublicTests" time="0.0"/>
    <testcase name="testCastDamagingSpellOnObstacleCell1" classname="harrypotter.tests.M2PublicTests" time="0.0"/>
    <testcase name="testOnSlytherinTraitInSecondTaskClass3" classname="harrypotter.tests.M2PublicTests" time="0.062"/>
    <testcase name="testMethodFireIsCalledPerTurn1" classname="harrypotter.tests.M2PublicTests" time="0.0"/>
    <testcase name="testFireEffectOnOtherCellTypes" classname="harrypotter.tests.M2PublicTests" time="0.016"/>
    <testcase name="testOnRavenclawTraitInSecondTaskClass2" classname="harrypotter.tests.M2PublicTests" time="0.0"/>
    <testcase name="testChampionsLocationIsSetCorrectly" classname="harrypotter.tests.M2PublicTests" time="0.0"/>
    <testcase name="testMethodUseSpell1" classname="harrypotter.tests.M2PublicTests" time="0.187"/>
    <testcase name="testMethodsInWizardListenerInterface" classname="harrypotter.tests.M2PublicTests" time="0.0"/>
    <testcase name="testDragonFireOnOtherChampionWhenChampionGoesToEggCell" classname="harrypotter.tests.M2PublicTests" time="0.0"/>
    <testcase name="testWizardListenerVariableInWizardClass" classname="harrypotter.tests.M2PublicTests" time="0.0"/>
    <testcase name="testOnRavenclawTraitInFirstTaskClass2" classname="harrypotter.tests.M2PublicTests" time="0.0"/>
    <testcase name="testOnRavenclawTraitInFirstTaskClass3" classname="harrypotter.tests.M2PublicTests" time="0.0"/>
    <testcase name="testBeginTournamentIntializesFirstTaskCorrectly" classname="harrypotter.tests.M2PublicTests" time="0.016"/>
    <testcase name="testTraitCooldownIsDecrementedPerTurn" classname="harrypotter.tests.M2PublicTests" time="0.0"/>
    <testcase name="testTaskListenerVariableInTaskClass" classname="harrypotter.tests.M2PublicTests" time="0.0"/>
    <testcase name="testWizardListenerIsInterface" classname="harrypotter.tests.M2PublicTests" time="0.0"/>
    <testcase name="testDragonFireDamageCurrentChamp" classname="harrypotter.tests.M2PublicTests" time="0.046"/>
    <testcase name="testConstructorFirstTaskInitialization" classname="harrypotter.tests.M2PublicTests" time="0.0"/>
    <testcase name="testMethodEncounterMerpersonIsCalledPerTurn2" classname="harrypotter.tests.M2PublicTests" time="0.0"/>
    <testcase name="testTaskListenerIsInterface" classname="harrypotter.tests.M2PublicTests" time="0.0"/>
    <testcase name="testOnGryffindorTraitSubClass" classname="harrypotter.tests.M2PublicTests" time="0.0"/>
    <testcase name="testThirdTaskClassNotifiesListenerWhenAChampionWins" classname="harrypotter.tests.M2PublicTests" time="0.0"/>
    <testcase name="testInstanceVariableMarkedCellsInFirstTaskClassGetter" classname="harrypotter.tests.M2PublicTests" time="0.0"/>
    <testcase name="testOnGryffindorTrait1" classname="harrypotter.tests.M2PublicTests" time="0.0"/>
    <testcase name="testOnGryffindorTrait2" classname="harrypotter.tests.M2PublicTests" time="0.0"/>
    <testcase name="testOnGryffindorTrait3" classname="harrypotter.tests.M2PublicTests" time="0.0"/>
    <testcase name="testGetTargetPoint" classname="harrypotter.tests.M2PublicTests" time="0.0"/>
    <testcase name="testMoveForwardToTreasureCell" classname="harrypotter.tests.M2PublicTests" time="0.0"/>
    <testcase name="testCastRelocatingSpellCallsUseSpell" classname="harrypotter.tests.M2PublicTests" time="0.016"/>
    <testcase name="testInstanceVariableMarkedCellsInFirstTaskClassSetter" classname="harrypotter.tests.M2PublicTests" time="0.0"/>
    <testcase name="testEncounterMerPersonNotCurrentChampion" classname="harrypotter.tests.M2PublicTests" time="0.0"/>
    <testcase name="testCastDamagingSpellOnChampionCellThirdTaskHufflepuffWizard" classname="harrypotter.tests.M2PublicTests" time="0.0"/>
    <testcase name="testOnHuffelpuffTraitFirstTaskScenario" classname="harrypotter.tests.M2PublicTests" time="0.0"/>
    <testcase name="testTraitActivatedPerTurn" classname="harrypotter.tests.M2PublicTests" time="0.0">
      <failure>java.lang.AssertionError: In each turn, the trait can be activated for one turn per player&#13;
	at org.junit.Assert.fail(Assert.java:88)&#13;
	at org.junit.Assert.assertTrue(Assert.java:41)&#13;
	at org.junit.Assert.assertFalse(Assert.java:64)&#13;
	at harrypotter.tests.M2PublicTests.testTraitActivatedPerTurn(M2PublicTests.java:5469)&#13;
	at sun.reflect.NativeMethodAccessorImpl.invoke0(Native Method)&#13;
	at sun.reflect.NativeMethodAccessorImpl.invoke(NativeMethodAccessorImpl.java:62)&#13;
	at sun.reflect.DelegatingMethodAccessorImpl.invoke(DelegatingMethodAccessorImpl.java:43)&#13;
	at java.lang.reflect.Method.invoke(Method.java:483)&#13;
	at org.junit.runners.model.FrameworkMethod$1.runReflectiveCall(FrameworkMethod.java:47)&#13;
	at org.junit.internal.runners.model.ReflectiveCallable.run(ReflectiveCallable.java:12)&#13;
	at org.junit.runners.model.FrameworkMethod.invokeExplosively(FrameworkMethod.java:44)&#13;
	at org.junit.internal.runners.statements.InvokeMethod.evaluate(InvokeMethod.java:17)&#13;
	at org.junit.internal.runners.statements.FailOnTimeout$StatementThread.run(FailOnTimeout.java:74)&#13;
&#13;
</failure>
    </testcase>
    <testcase name="testOnSlytherinTraitThirdTaskSetsDirectionVariableInSlythWizard" classname="harrypotter.tests.M2PublicTests" time="0.016"/>
    <testcase name="testCastRelocatingSpellCallsFinalizeAction" classname="harrypotter.tests.M2PublicTests" time="0.0"/>
    <testcase name="testOnRavenclawTraitInThirdTaskClass2" classname="harrypotter.tests.M2PublicTests" time="0.0"/>
    <testcase name="testOnRavenclawTraitInThirdTaskClass3" classname="harrypotter.tests.M2PublicTests" time="0.0"/>
    <testcase name="testThirdTaskClassHandlesNullListenerWhenAChampionWins" classname="harrypotter.tests.M2PublicTests" time="0.0"/>
    <testcase name="testMarkCellsCount" classname="harrypotter.tests.M2PublicTests" time="0.0"/>
    <testcase name="testMoveForwardToEggCell" classname="harrypotter.tests.M2PublicTests" time="0.0"/>
    <testcase name="testHufflepuffWizardNotifiesListener" classname="harrypotter.tests.M2PublicTests" time="0.0"/>
    <testcase name="testMoveForwardToEmptyCell" classname="harrypotter.tests.M2PublicTests" time="0.0"/>
    <testcase name="testCastDamagingSpellOnChampionCell1" classname="harrypotter.tests.M2PublicTests" time="0.0"/>
    <testcase name="testFirstTaskClassNotifiesListenerWhenAllChampionsDie" classname="harrypotter.tests.M2PublicTests" time="0.0">
      <error>java.lang.IndexOutOfBoundsException: Index: 0, Size: 0&#13;
	at java.util.ArrayList.rangeCheck(ArrayList.java:653)&#13;
	at java.util.ArrayList.get(ArrayList.java:429)&#13;
	at harrypotter.model.tournament.Task.endTurn(Task.java:300)&#13;
	at harrypotter.model.tournament.Task.finalizeAction(Task.java:466)&#13;
	at harrypotter.model.tournament.FirstTask.moveLeft(FirstTask.java:215)&#13;
	at harrypotter.tests.M2PublicTests.testFirstTaskClassNotifiesListenerWhenAllChampionsDie(M2PublicTests.java:1486)&#13;
	at sun.reflect.NativeMethodAccessorImpl.invoke0(Native Method)&#13;
	at sun.reflect.NativeMethodAccessorImpl.invoke(NativeMethodAccessorImpl.java:62)&#13;
	at sun.reflect.DelegatingMethodAccessorImpl.invoke(DelegatingMethodAccessorImpl.java:43)&#13;
	at java.lang.reflect.Method.invoke(Method.java:483)&#13;
	at org.junit.runners.model.FrameworkMethod$1.runReflectiveCall(FrameworkMethod.java:47)&#13;
	at org.junit.internal.runners.model.ReflectiveCallable.run(ReflectiveCallable.java:12)&#13;
	at org.junit.runners.model.FrameworkMethod.invokeExplosively(FrameworkMethod.java:44)&#13;
	at org.junit.internal.runners.statements.InvokeMethod.evaluate(InvokeMethod.java:17)&#13;
	at org.junit.internal.runners.statements.FailOnTimeout$StatementThread.run(FailOnTimeout.java:74)&#13;
&#13;
</error>
    </testcase>
    <testcase name="testWizardListenerVariableGetter" classname="harrypotter.tests.M2PublicTests" time="0.0"/>
    <testcase name="testGryffindorWizardNotifiesListener" classname="harrypotter.tests.M2PublicTests" time="0.0"/>
    <testcase name="testSpellsCooldownIsDecrementedPerTurn" classname="harrypotter.tests.M2PublicTests" time="0.0"/>
    <testcase name="testMerPersonDamageOnChampionInTreassureCell" classname="harrypotter.tests.M2PublicTests" time="0.0"/>
    <testcase name="testOnSlytherinTraitSecondTaskSetsDirectionVariableInSlythWizard" classname="harrypotter.tests.M2PublicTests" time="0.0"/>
    <testcase name="testWizardListenerVariableSetter" classname="harrypotter.tests.M2PublicTests" time="0.0"/>
    <testcase name="testMoveForwardToCollectibeCell" classname="harrypotter.tests.M2PublicTests" time="0.0"/>
    <testcase name="testFirstTaskClassHandlesNullListenerWhenFourChampionsWin" classname="harrypotter.tests.M2PublicTests" time="0.0">
      <error>java.lang.IndexOutOfBoundsException: Index: 0, Size: 0&#13;
	at java.util.ArrayList.rangeCheck(ArrayList.java:653)&#13;
	at java.util.ArrayList.get(ArrayList.java:429)&#13;
	at harrypotter.model.tournament.Task.endTurn(Task.java:300)&#13;
	at harrypotter.model.tournament.Task.finalizeAction(Task.java:466)&#13;
	at harrypotter.model.tournament.FirstTask.moveRight(FirstTask.java:235)&#13;
	at harrypotter.tests.M2PublicTests.testFirstTaskClassHandlesNullListenerWhenFourChampionsWin(M2PublicTests.java:1408)&#13;
	at sun.reflect.NativeMethodAccessorImpl.invoke0(Native Method)&#13;
	at sun.reflect.NativeMethodAccessorImpl.invoke(NativeMethodAccessorImpl.java:62)&#13;
	at sun.reflect.DelegatingMethodAccessorImpl.invoke(DelegatingMethodAccessorImpl.java:43)&#13;
	at java.lang.reflect.Method.invoke(Method.java:483)&#13;
	at org.junit.runners.model.FrameworkMethod$1.runReflectiveCall(FrameworkMethod.java:47)&#13;
	at org.junit.internal.runners.model.ReflectiveCallable.run(ReflectiveCallable.java:12)&#13;
	at org.junit.runners.model.FrameworkMethod.invokeExplosively(FrameworkMethod.java:44)&#13;
	at org.junit.internal.runners.statements.InvokeMethod.evaluate(InvokeMethod.java:17)&#13;
	at org.junit.internal.runners.statements.FailOnTimeout$StatementThread.run(FailOnTimeout.java:74)&#13;
&#13;
</error>
    </testcase>
    <testcase name="testEncounterTwoMerPeople" classname="harrypotter.tests.M2PublicTests" time="0.015"/>
    <testcase name="testOnHufflepuffTraitSecondTaskClass1" classname="harrypotter.tests.M2PublicTests" time="0.0"/>
    <testcase name="testTournamentClassImplementsTaskListener" classname="harrypotter.tests.M2PublicTests" time="0.0"/>
    <testcase name="testMethodHealingSpellCallsFinalizeAction" classname="harrypotter.tests.M2PublicTests" time="0.0"/>
    <testcase name="testTaskListenerVariableGetter" classname="harrypotter.tests.M2PublicTests" time="0.0"/>
    <testcase name="testEncounterMerPeopleNotInRangeClose" classname="harrypotter.tests.M2PublicTests" time="0.0"/>
    <testcase name="testFirstTaskClassNotifiesListenerWhenFourChampionsWin" classname="harrypotter.tests.M2PublicTests" time="0.0">
      <error>java.lang.IndexOutOfBoundsException: Index: 0, Size: 0&#13;
	at java.util.ArrayList.rangeCheck(ArrayList.java:653)&#13;
	at java.util.ArrayList.get(ArrayList.java:429)&#13;
	at harrypotter.model.tournament.Task.endTurn(Task.java:300)&#13;
	at harrypotter.model.tournament.Task.finalizeAction(Task.java:466)&#13;
	at harrypotter.model.tournament.FirstTask.moveRight(FirstTask.java:235)&#13;
	at harrypotter.tests.M2PublicTests.testFirstTaskClassNotifiesListenerWhenFourChampionsWin(M2PublicTests.java:1566)&#13;
	at sun.reflect.NativeMethodAccessorImpl.invoke0(Native Method)&#13;
	at sun.reflect.NativeMethodAccessorImpl.invoke(NativeMethodAccessorImpl.java:62)&#13;
	at sun.reflect.DelegatingMethodAccessorImpl.invoke(DelegatingMethodAccessorImpl.java:43)&#13;
	at java.lang.reflect.Method.invoke(Method.java:483)&#13;
	at org.junit.runners.model.FrameworkMethod$1.runReflectiveCall(FrameworkMethod.java:47)&#13;
	at org.junit.internal.runners.model.ReflectiveCallable.run(ReflectiveCallable.java:12)&#13;
	at org.junit.runners.model.FrameworkMethod.invokeExplosively(FrameworkMethod.java:44)&#13;
	at org.junit.internal.runners.statements.InvokeMethod.evaluate(InvokeMethod.java:17)&#13;
	at org.junit.internal.runners.statements.FailOnTimeout$StatementThread.run(FailOnTimeout.java:74)&#13;
&#13;
</error>
    </testcase>
  </testsuite>
</testrun>
