<?xml version="1.0" encoding="UTF-8"?><testrun name="Rerun Rerun Rerun M1PublicTests (Failed Tests first)" project="harrypotter" tests="123" started="123" failures="9" errors="0" ignored="0">
  <testsuite name="harrypotter.tests.M1PublicTests" time="0.691">
    <testcase name="testThirdTaskMapPotionCount" classname="harrypotter.tests.M1PublicTests" time="0.008">
      <failure>java.lang.AssertionError: Number of potions in the map is incorrect expected:&lt;10&gt; but was:&lt;9&gt;&#13;
	at org.junit.Assert.fail(Assert.java:88)&#13;
	at org.junit.Assert.failNotEquals(Assert.java:743)&#13;
	at org.junit.Assert.assertEquals(Assert.java:118)&#13;
	at org.junit.Assert.assertEquals(Assert.java:555)&#13;
	at harrypotter.tests.M1PublicTests.testThirdTaskMapPotionCount(M1PublicTests.java:1768)&#13;
	at sun.reflect.NativeMethodAccessorImpl.invoke0(Native Method)&#13;
	at sun.reflect.NativeMethodAccessorImpl.invoke(NativeMethodAccessorImpl.java:62)&#13;
	at sun.reflect.DelegatingMethodAccessorImpl.invoke(DelegatingMethodAccessorImpl.java:43)&#13;
	at java.lang.reflect.Method.invoke(Method.java:483)&#13;
	at org.junit.runners.model.FrameworkMethod$1.runReflectiveCall(FrameworkMethod.java:47)&#13;
	at org.junit.internal.runners.model.ReflectiveCallable.run(ReflectiveCallable.java:12)&#13;
	at org.junit.runners.model.FrameworkMethod.invokeExplosively(FrameworkMethod.java:44)&#13;
	at org.junit.internal.runners.statements.InvokeMethod.evaluate(InvokeMethod.java:17)&#13;
	at org.junit.internal.runners.statements.FailOnTimeout$StatementThread.run(FailOnTimeout.java:74)&#13;
&#13;
</failure>
    </testcase>
    <testcase name="testThirdTaskReadMap" classname="harrypotter.tests.M1PublicTests" time="0.003">
      <failure>java.lang.AssertionError: Map is not correctly loaded from the CSV file. Cell should contain an obstacle.&#13;
	at org.junit.Assert.fail(Assert.java:88)&#13;
	at org.junit.Assert.assertTrue(Assert.java:41)&#13;
	at harrypotter.tests.M1PublicTests.testThirdTaskReadMap(M1PublicTests.java:1910)&#13;
	at sun.reflect.NativeMethodAccessorImpl.invoke0(Native Method)&#13;
	at sun.reflect.NativeMethodAccessorImpl.invoke(NativeMethodAccessorImpl.java:62)&#13;
	at sun.reflect.DelegatingMethodAccessorImpl.invoke(DelegatingMethodAccessorImpl.java:43)&#13;
	at java.lang.reflect.Method.invoke(Method.java:483)&#13;
	at org.junit.runners.model.FrameworkMethod$1.runReflectiveCall(FrameworkMethod.java:47)&#13;
	at org.junit.internal.runners.model.ReflectiveCallable.run(ReflectiveCallable.java:12)&#13;
	at org.junit.runners.model.FrameworkMethod.invokeExplosively(FrameworkMethod.java:44)&#13;
	at org.junit.internal.runners.statements.InvokeMethod.evaluate(InvokeMethod.java:17)&#13;
	at org.junit.internal.runners.statements.FailOnTimeout$StatementThread.run(FailOnTimeout.java:74)&#13;
&#13;
</failure>
    </testcase>
    <testcase name="testSecondConstructorWizard" classname="harrypotter.tests.M1PublicTests" time="0.001">
      <failure>java.lang.AssertionError: Missing constructor with String and int and int  parameters in harrypotter.model.character.Wizard class.&#13;
	at org.junit.Assert.fail(Assert.java:88)&#13;
	at org.junit.Assert.assertTrue(Assert.java:41)&#13;
	at org.junit.Assert.assertFalse(Assert.java:64)&#13;
	at harrypotter.tests.M1PublicTests.testConstructorExists(M1PublicTests.java:2083)&#13;
	at harrypotter.tests.M1PublicTests.testSecondConstructorWizard(M1PublicTests.java:1411)&#13;
	at sun.reflect.NativeMethodAccessorImpl.invoke0(Native Method)&#13;
	at sun.reflect.NativeMethodAccessorImpl.invoke(NativeMethodAccessorImpl.java:62)&#13;
	at sun.reflect.DelegatingMethodAccessorImpl.invoke(DelegatingMethodAccessorImpl.java:43)&#13;
	at java.lang.reflect.Method.invoke(Method.java:483)&#13;
	at org.junit.runners.model.FrameworkMethod$1.runReflectiveCall(FrameworkMethod.java:47)&#13;
	at org.junit.internal.runners.model.ReflectiveCallable.run(ReflectiveCallable.java:12)&#13;
	at org.junit.runners.model.FrameworkMethod.invokeExplosively(FrameworkMethod.java:44)&#13;
	at org.junit.internal.runners.statements.InvokeMethod.evaluate(InvokeMethod.java:17)&#13;
	at org.junit.internal.runners.statements.FailOnTimeout$StatementThread.run(FailOnTimeout.java:74)&#13;
&#13;
</failure>
    </testcase>
    <testcase name="testClassImplementsInterfaceGryffindorWizard" classname="harrypotter.tests.M1PublicTests" time="0.001">
      <failure>java.lang.AssertionError: harrypotter.model.character.GryffindorWizard class should implement harrypotter.model.character.Champion interface.&#13;
	at org.junit.Assert.fail(Assert.java:88)&#13;
	at org.junit.Assert.assertTrue(Assert.java:41)&#13;
	at harrypotter.tests.M1PublicTests.testClassImplementsInterface(M1PublicTests.java:2119)&#13;
	at harrypotter.tests.M1PublicTests.testClassImplementsInterfaceGryffindorWizard(M1PublicTests.java:25)&#13;
	at sun.reflect.NativeMethodAccessorImpl.invoke0(Native Method)&#13;
	at sun.reflect.NativeMethodAccessorImpl.invoke(NativeMethodAccessorImpl.java:62)&#13;
	at sun.reflect.DelegatingMethodAccessorImpl.invoke(DelegatingMethodAccessorImpl.java:43)&#13;
	at java.lang.reflect.Method.invoke(Method.java:483)&#13;
	at org.junit.runners.model.FrameworkMethod$1.runReflectiveCall(FrameworkMethod.java:47)&#13;
	at org.junit.internal.runners.model.ReflectiveCallable.run(ReflectiveCallable.java:12)&#13;
	at org.junit.runners.model.FrameworkMethod.invokeExplosively(FrameworkMethod.java:44)&#13;
	at org.junit.internal.runners.statements.InvokeMethod.evaluate(InvokeMethod.java:17)&#13;
	at org.junit.internal.runners.statements.FailOnTimeout$StatementThread.run(FailOnTimeout.java:74)&#13;
&#13;
</failure>
    </testcase>
    <testcase name="testMethodInRavenclawWizardTrait" classname="harrypotter.tests.M1PublicTests" time="0.0">
      <failure>java.lang.AssertionError: The useTrait method in class harrypotter.model.character.RavenclawWizard should be implemented.&#13;
	at org.junit.Assert.fail(Assert.java:88)&#13;
	at org.junit.Assert.assertTrue(Assert.java:41)&#13;
	at harrypotter.tests.M1PublicTests.testMethodExistsInClass(M1PublicTests.java:2014)&#13;
	at harrypotter.tests.M1PublicTests.testMethodInRavenclawWizardTrait(M1PublicTests.java:1375)&#13;
	at sun.reflect.NativeMethodAccessorImpl.invoke0(Native Method)&#13;
	at sun.reflect.NativeMethodAccessorImpl.invoke(NativeMethodAccessorImpl.java:62)&#13;
	at sun.reflect.DelegatingMethodAccessorImpl.invoke(DelegatingMethodAccessorImpl.java:43)&#13;
	at java.lang.reflect.Method.invoke(Method.java:483)&#13;
	at org.junit.runners.model.FrameworkMethod$1.runReflectiveCall(FrameworkMethod.java:47)&#13;
	at org.junit.internal.runners.model.ReflectiveCallable.run(ReflectiveCallable.java:12)&#13;
	at org.junit.runners.model.FrameworkMethod.invokeExplosively(FrameworkMethod.java:44)&#13;
	at org.junit.internal.runners.statements.InvokeMethod.evaluate(InvokeMethod.java:17)&#13;
	at org.junit.internal.runners.statements.FailOnTimeout$StatementThread.run(FailOnTimeout.java:74)&#13;
&#13;
</failure>
    </testcase>
    <testcase name="testInstanceVariableTaskTraitActivatedSetter" classname="harrypotter.tests.M1PublicTests" time="0.0">
      <failure>java.lang.AssertionError: The traitactivated instance variable in class harrypotter.model.tournament.Task is a WRITE variable.&#13;
	at org.junit.Assert.fail(Assert.java:88)&#13;
	at org.junit.Assert.assertTrue(Assert.java:41)&#13;
	at harrypotter.tests.M1PublicTests.testSetterMethodExistsInClass(M1PublicTests.java:1981)&#13;
	at harrypotter.tests.M1PublicTests.testInstanceVariableTaskTraitActivatedSetter(M1PublicTests.java:1099)&#13;
	at sun.reflect.NativeMethodAccessorImpl.invoke0(Native Method)&#13;
	at sun.reflect.NativeMethodAccessorImpl.invoke(NativeMethodAccessorImpl.java:62)&#13;
	at sun.reflect.DelegatingMethodAccessorImpl.invoke(DelegatingMethodAccessorImpl.java:43)&#13;
	at java.lang.reflect.Method.invoke(Method.java:483)&#13;
	at org.junit.runners.model.FrameworkMethod$1.runReflectiveCall(FrameworkMethod.java:47)&#13;
	at org.junit.internal.runners.model.ReflectiveCallable.run(ReflectiveCallable.java:12)&#13;
	at org.junit.runners.model.FrameworkMethod.invokeExplosively(FrameworkMethod.java:44)&#13;
	at org.junit.internal.runners.statements.InvokeMethod.evaluate(InvokeMethod.java:17)&#13;
	at org.junit.internal.runners.statements.FailOnTimeout$StatementThread.run(FailOnTimeout.java:74)&#13;
&#13;
</failure>
    </testcase>
    <testcase name="testClassImplementsInterfaceHufflepuffWizard" classname="harrypotter.tests.M1PublicTests" time="0.001">
      <failure>java.lang.AssertionError: harrypotter.model.character.HufflepuffWizard class should implement harrypotter.model.character.Champion interface.&#13;
	at org.junit.Assert.fail(Assert.java:88)&#13;
	at org.junit.Assert.assertTrue(Assert.java:41)&#13;
	at harrypotter.tests.M1PublicTests.testClassImplementsInterface(M1PublicTests.java:2119)&#13;
	at harrypotter.tests.M1PublicTests.testClassImplementsInterfaceHufflepuffWizard(M1PublicTests.java:30)&#13;
	at sun.reflect.NativeMethodAccessorImpl.invoke0(Native Method)&#13;
	at sun.reflect.NativeMethodAccessorImpl.invoke(NativeMethodAccessorImpl.java:62)&#13;
	at sun.reflect.DelegatingMethodAccessorImpl.invoke(DelegatingMethodAccessorImpl.java:43)&#13;
	at java.lang.reflect.Method.invoke(Method.java:483)&#13;
	at org.junit.runners.model.FrameworkMethod$1.runReflectiveCall(FrameworkMethod.java:47)&#13;
	at org.junit.internal.runners.model.ReflectiveCallable.run(ReflectiveCallable.java:12)&#13;
	at org.junit.runners.model.FrameworkMethod.invokeExplosively(FrameworkMethod.java:44)&#13;
	at org.junit.internal.runners.statements.InvokeMethod.evaluate(InvokeMethod.java:17)&#13;
	at org.junit.internal.runners.statements.FailOnTimeout$StatementThread.run(FailOnTimeout.java:74)&#13;
&#13;
</failure>
    </testcase>
    <testcase name="testMethodInSlytherinWizardTrait" classname="harrypotter.tests.M1PublicTests" time="0.001">
      <failure>java.lang.AssertionError: The useTrait method in class harrypotter.model.character.SlytherinWizard should be implemented.&#13;
	at org.junit.Assert.fail(Assert.java:88)&#13;
	at org.junit.Assert.assertTrue(Assert.java:41)&#13;
	at harrypotter.tests.M1PublicTests.testMethodExistsInClass(M1PublicTests.java:2014)&#13;
	at harrypotter.tests.M1PublicTests.testMethodInSlytherinWizardTrait(M1PublicTests.java:1381)&#13;
	at sun.reflect.NativeMethodAccessorImpl.invoke0(Native Method)&#13;
	at sun.reflect.NativeMethodAccessorImpl.invoke(NativeMethodAccessorImpl.java:62)&#13;
	at sun.reflect.DelegatingMethodAccessorImpl.invoke(DelegatingMethodAccessorImpl.java:43)&#13;
	at java.lang.reflect.Method.invoke(Method.java:483)&#13;
	at org.junit.runners.model.FrameworkMethod$1.runReflectiveCall(FrameworkMethod.java:47)&#13;
	at org.junit.internal.runners.model.ReflectiveCallable.run(ReflectiveCallable.java:12)&#13;
	at org.junit.runners.model.FrameworkMethod.invokeExplosively(FrameworkMethod.java:44)&#13;
	at org.junit.internal.runners.statements.InvokeMethod.evaluate(InvokeMethod.java:17)&#13;
	at org.junit.internal.runners.statements.FailOnTimeout$StatementThread.run(FailOnTimeout.java:74)&#13;
&#13;
</failure>
    </testcase>
    <testcase name="testMethodreadMapInThirdTask" classname="harrypotter.tests.M1PublicTests" time="0.001">
      <failure>java.lang.AssertionError: incorrect return type for readMap method in harrypotter.model.tournament.ThirdTask.&#13;
	at org.junit.Assert.fail(Assert.java:88)&#13;
	at org.junit.Assert.assertTrue(Assert.java:41)&#13;
	at harrypotter.tests.M1PublicTests.testMethodExistsInClass(M1PublicTests.java:2051)&#13;
	at harrypotter.tests.M1PublicTests.testMethodreadMapInThirdTask(M1PublicTests.java:1402)&#13;
	at sun.reflect.NativeMethodAccessorImpl.invoke0(Native Method)&#13;
	at sun.reflect.NativeMethodAccessorImpl.invoke(NativeMethodAccessorImpl.java:62)&#13;
	at sun.reflect.DelegatingMethodAccessorImpl.invoke(DelegatingMethodAccessorImpl.java:43)&#13;
	at java.lang.reflect.Method.invoke(Method.java:483)&#13;
	at org.junit.runners.model.FrameworkMethod$1.runReflectiveCall(FrameworkMethod.java:47)&#13;
	at org.junit.internal.runners.model.ReflectiveCallable.run(ReflectiveCallable.java:12)&#13;
	at org.junit.runners.model.FrameworkMethod.invokeExplosively(FrameworkMethod.java:44)&#13;
	at org.junit.internal.runners.statements.InvokeMethod.evaluate(InvokeMethod.java:17)&#13;
	at org.junit.internal.runners.statements.FailOnTimeout$StatementThread.run(FailOnTimeout.java:74)&#13;
&#13;
</failure>
    </testcase>
    <testcase name="testConstructorTask" classname="harrypotter.tests.M1PublicTests" time="0.0"/>
    <testcase name="testConstructorChampionCellInitialization" classname="harrypotter.tests.M1PublicTests" time="0.0"/>
    <testcase name="testInstanceVariableWizardSpellsSetter" classname="harrypotter.tests.M1PublicTests" time="0.001"/>
    <testcase name="testInstanceVariableTaskChampionsSetter" classname="harrypotter.tests.M1PublicTests" time="0.0"/>
    <testcase name="testConstructorRavenclawWizard" classname="harrypotter.tests.M1PublicTests" time="0.001"/>
    <testcase name="testFirstTaskMapObstacleHPRange" classname="harrypotter.tests.M1PublicTests" time="0.084"/>
    <testcase name="testInstanceVariableSpellDefaultCooldownGetter" classname="harrypotter.tests.M1PublicTests" time="0.001"/>
    <testcase name="testInstanceVariableSpellCoolDownSetter" classname="harrypotter.tests.M1PublicTests" time="0.001"/>
    <testcase name="testInstanceVariableTaskChampions" classname="harrypotter.tests.M1PublicTests" time="0.0"/>
    <testcase name="testInstanceVariableCollectibleSetter" classname="harrypotter.tests.M1PublicTests" time="0.0"/>
    <testcase name="testInstanceVariableChampionCellGetter" classname="harrypotter.tests.M1PublicTests" time="0.001"/>
    <testcase name="testInstanceVariableTaskAllowedMoves" classname="harrypotter.tests.M1PublicTests" time="0.0"/>
    <testcase name="testMethodInInterfaceChampion" classname="harrypotter.tests.M1PublicTests" time="0.0"/>
    <testcase name="testClassIsSubClassSlytherinWizard" classname="harrypotter.tests.M1PublicTests" time="0.0"/>
    <testcase name="testClassIsSubClassThirdTask" classname="harrypotter.tests.M1PublicTests" time="0.0"/>
    <testcase name="testConstructorSecondTaskInitialization" classname="harrypotter.tests.M1PublicTests" time="0.006"/>
    <testcase name="testInstanceVariableSpellDefaultCooldownSetter" classname="harrypotter.tests.M1PublicTests" time="0.0"/>
    <testcase name="testLoadedPotions" classname="harrypotter.tests.M1PublicTests" time="0.001"/>
    <testcase name="testInstanceVariableRelocatingSpellRangeGetter" classname="harrypotter.tests.M1PublicTests" time="0.0"/>
    <testcase name="testMethodInInterfaceMethodUseTrait" classname="harrypotter.tests.M1PublicTests" time="0.001"/>
    <testcase name="testConstructorRelocatingSpellInitialization" classname="harrypotter.tests.M1PublicTests" time="0.0"/>
    <testcase name="testInstanceVariableChampionCellSetter" classname="harrypotter.tests.M1PublicTests" time="0.001"/>
    <testcase name="testInstanceVariableRelocatingSpellRange" classname="harrypotter.tests.M1PublicTests" time="0.0"/>
    <testcase name="testInstanceVariablesRelocatingSpellInherited" classname="harrypotter.tests.M1PublicTests" time="0.0"/>
    <testcase name="testFirstConstructorGryffindorWizardInitialization" classname="harrypotter.tests.M1PublicTests" time="0.001"/>
    <testcase name="testInstanceVariableRelocatingSpellRangeSetter" classname="harrypotter.tests.M1PublicTests" time="0.0"/>
    <testcase name="testConstructorSpell" classname="harrypotter.tests.M1PublicTests" time="0.0"/>
    <testcase name="testClassIsAbstractCell" classname="harrypotter.tests.M1PublicTests" time="0.0"/>
    <testcase name="testClassIsAbstractTask" classname="harrypotter.tests.M1PublicTests" time="0.001"/>
    <testcase name="testClassIsAbstractObstacle" classname="harrypotter.tests.M1PublicTests" time="0.0"/>
    <testcase name="testInstanceVariableTaskCurrentChampGetter" classname="harrypotter.tests.M1PublicTests" time="0.0"/>
    <testcase name="testInstanceVariableObstacleGetter" classname="harrypotter.tests.M1PublicTests" time="0.001"/>
    <testcase name="testInstanceVariableTournamentChampions" classname="harrypotter.tests.M1PublicTests" time="0.001"/>
    <testcase name="testFirstTaskMapChampionCount" classname="harrypotter.tests.M1PublicTests" time="0.005"/>
    <testcase name="testInstanceVariableTournamentChampionsGetter" classname="harrypotter.tests.M1PublicTests" time="0.0"/>
    <testcase name="testSecondTaskMerpersonDmgHpRange" classname="harrypotter.tests.M1PublicTests" time="0.129"/>
    <testcase name="testFirstConstructorHufflepuffWizardInitialization" classname="harrypotter.tests.M1PublicTests" time="0.0"/>
    <testcase name="testInstanceVariableSpellCost" classname="harrypotter.tests.M1PublicTests" time="0.001"/>
    <testcase name="testInstanceVariableSpellName" classname="harrypotter.tests.M1PublicTests" time="0.0"/>
    <testcase name="testSecondTaskMapTreasureCount" classname="harrypotter.tests.M1PublicTests" time="0.01"/>
    <testcase name="testClassIsAbstractSpell" classname="harrypotter.tests.M1PublicTests" time="0.0"/>
    <testcase name="testInstanceVariableObstacleCell" classname="harrypotter.tests.M1PublicTests" time="0.001"/>
    <testcase name="testConstructorRelocatingSpell" classname="harrypotter.tests.M1PublicTests" time="0.001"/>
    <testcase name="testInstanceVariableWizardHp" classname="harrypotter.tests.M1PublicTests" time="0.001"/>
    <testcase name="testInstanceVariableWizardIp" classname="harrypotter.tests.M1PublicTests" time="0.0"/>
    <testcase name="testInstanceVariableTaskCurrentChampSetter" classname="harrypotter.tests.M1PublicTests" time="0.001"/>
    <testcase name="testInstanceVariableObstacleSetter" classname="harrypotter.tests.M1PublicTests" time="0.0"/>
    <testcase name="testInstanceVariableTournamentChampionsSetter" classname="harrypotter.tests.M1PublicTests" time="0.0"/>
    <testcase name="testInstanceVariableWizardName" classname="harrypotter.tests.M1PublicTests" time="0.001"/>
    <testcase name="testClassIsAbstractCollectible" classname="harrypotter.tests.M1PublicTests" time="0.0"/>
    <testcase name="testConstructorFirstTaskInitialization" classname="harrypotter.tests.M1PublicTests" time="0.002"/>
    <testcase name="testInstanceVariableTaskTraitActivatedGetter" classname="harrypotter.tests.M1PublicTests" time="0.0"/>
    <testcase name="testInstanceVariableTaskCurrentChamp" classname="harrypotter.tests.M1PublicTests" time="0.001"/>
    <testcase name="testSecondTaskMapObstacleCount" classname="harrypotter.tests.M1PublicTests" time="0.013"/>
    <testcase name="testClassIsSubClassMerpersonObstacle" classname="harrypotter.tests.M1PublicTests" time="0.001"/>
    <testcase name="testInstanceVariableWizardInventoryGetter" classname="harrypotter.tests.M1PublicTests" time="0.0"/>
    <testcase name="testClassIsSubClassRavenclawWizard" classname="harrypotter.tests.M1PublicTests" time="0.0"/>
    <testcase name="testConstructorPhysicalObstacleInitialization" classname="harrypotter.tests.M1PublicTests" time="0.001"/>
    <testcase name="testConstructorObstacleCell" classname="harrypotter.tests.M1PublicTests" time="0.002"/>
    <testcase name="testInstanceVariableTaskMap" classname="harrypotter.tests.M1PublicTests" time="0.0"/>
    <testcase name="testInstanceVariableTaskTraitActivated" classname="harrypotter.tests.M1PublicTests" time="0.001"/>
    <testcase name="testClassIsAbstractWizard" classname="harrypotter.tests.M1PublicTests" time="0.0"/>
    <testcase name="testMethodLoadSpellsInTournament" classname="harrypotter.tests.M1PublicTests" time="0.0"/>
    <testcase name="testInstanceVariableTournamentSpellsGetter" classname="harrypotter.tests.M1PublicTests" time="0.001"/>
    <testcase name="testSecondTaskMapPotionRandomlyChosen" classname="harrypotter.tests.M1PublicTests" time="0.095"/>
    <testcase name="testSecondTaskMapTreasureCorrectlyAssigned" classname="harrypotter.tests.M1PublicTests" time="0.01"/>
    <testcase name="testInstanceVariableChampionCell" classname="harrypotter.tests.M1PublicTests" time="0.001"/>
    <testcase name="testInstanceVariableWizardInventorySetter" classname="harrypotter.tests.M1PublicTests" time="0.0"/>
    <testcase name="testConstructorSlytherinWizard" classname="harrypotter.tests.M1PublicTests" time="0.001"/>
    <testcase name="testInstanceVariableTaskAllowedMovesGetter" classname="harrypotter.tests.M1PublicTests" time="0.0"/>
    <testcase name="testConstructorObstacleCellInitialization" classname="harrypotter.tests.M1PublicTests" time="0.0"/>
    <testcase name="testInstanceVariableWizardLocationGetter" classname="harrypotter.tests.M1PublicTests" time="0.001"/>
    <testcase name="testFirstTaskMapPotionCount" classname="harrypotter.tests.M1PublicTests" time="0.005"/>
    <testcase name="testEnumDirection" classname="harrypotter.tests.M1PublicTests" time="0.001"/>
    <testcase name="testInstanceVariableTournamentSpellsSetter" classname="harrypotter.tests.M1PublicTests" time="0.0"/>
    <testcase name="testInstanceVariableWizardTraitCooldownGetter" classname="harrypotter.tests.M1PublicTests" time="0.001"/>
    <testcase name="testInstanceVariableTaskPotionsSetter" classname="harrypotter.tests.M1PublicTests" time="0.0"/>
    <testcase name="testInstanceVariableHpObstacleGetter" classname="harrypotter.tests.M1PublicTests" time="0.0"/>
    <testcase name="testMethodLoadPotionsInTask" classname="harrypotter.tests.M1PublicTests" time="0.001"/>
    <testcase name="testInstanceVariablesThirdTaskInherited" classname="harrypotter.tests.M1PublicTests" time="0.0"/>
    <testcase name="testInstanceVariableTaskAllowedMovesSetter" classname="harrypotter.tests.M1PublicTests" time="0.0"/>
    <testcase name="testFirstTaskMapPotionRandomlyChosen" classname="harrypotter.tests.M1PublicTests" time="0.077"/>
    <testcase name="testClassIsSubClassChampionCell" classname="harrypotter.tests.M1PublicTests" time="0.0"/>
    <testcase name="testInstanceVariableTaskPotions" classname="harrypotter.tests.M1PublicTests" time="0.001"/>
    <testcase name="testInstanceVariableWizardLocationSetter" classname="harrypotter.tests.M1PublicTests" time="0.0"/>
    <testcase name="testInstanceVariableTournamentSpells" classname="harrypotter.tests.M1PublicTests" time="0.001"/>
    <testcase name="testConstructorCollectible" classname="harrypotter.tests.M1PublicTests" time="0.0"/>
    <testcase name="testInstanceVariableWizardTraitCooldownSetter" classname="harrypotter.tests.M1PublicTests" time="0.0"/>
    <testcase name="testInstanceVariableHpObstacleSetter" classname="harrypotter.tests.M1PublicTests" time="0.001"/>
    <testcase name="testInstanceVariableWizardDefaultHp" classname="harrypotter.tests.M1PublicTests" time="0.0"/>
    <testcase name="testInstanceVariableWizardDefaultIp" classname="harrypotter.tests.M1PublicTests" time="0.001"/>
    <testcase name="testConstructorPhysicalObstacle" classname="harrypotter.tests.M1PublicTests" time="0.0"/>
    <testcase name="testConstructorChampionCell" classname="harrypotter.tests.M1PublicTests" time="0.001"/>
    <testcase name="testInstanceVariableCollectible" classname="harrypotter.tests.M1PublicTests" time="0.0"/>
    <testcase name="testLoadSpellsMethod" classname="harrypotter.tests.M1PublicTests" time="0.002"/>
    <testcase name="testInstanceVariableTaskMapGetter" classname="harrypotter.tests.M1PublicTests" time="0.001"/>
    <testcase name="testClassIsSubClassRelocatingSpell" classname="harrypotter.tests.M1PublicTests" time="0.0"/>
    <testcase name="testThirdTaskMapPotionRandomlyChosen" classname="harrypotter.tests.M1PublicTests" time="0.164"/>
    <testcase name="testFirstTaskMapChampionLocation" classname="harrypotter.tests.M1PublicTests" time="0.008"/>
    <testcase name="testInstanceVariableHufflepuffWizardInherited" classname="harrypotter.tests.M1PublicTests" time="0.0"/>
    <testcase name="testConstructorTournament" classname="harrypotter.tests.M1PublicTests" time="0.001"/>
    <testcase name="testInstanceVariableSlytherinWizardTraitDiretion" classname="harrypotter.tests.M1PublicTests" time="0.0"/>
    <testcase name="testInstanceVariableSlytherinWizardTraitDiretionGetter" classname="harrypotter.tests.M1PublicTests" time="0.001"/>
    <testcase name="testInstanceVariablesGryffindorWizardInherited" classname="harrypotter.tests.M1PublicTests" time="0.0"/>
    <testcase name="testSecondTaskMapMerpersonDmgHpRandom" classname="harrypotter.tests.M1PublicTests" time="0.018"/>
    <testcase name="testClassIsSubClassEmptyCell" classname="harrypotter.tests.M1PublicTests" time="0.0"/>
    <testcase name="testInstanceVariableTaskMapSetter" classname="harrypotter.tests.M1PublicTests" time="0.001"/>
    <testcase name="testInstanceVariableWizardSpellsGetter" classname="harrypotter.tests.M1PublicTests" time="0.0"/>
    <testcase name="testInstanceVariableTaskChampionsGetter" classname="harrypotter.tests.M1PublicTests" time="0.001"/>
    <testcase name="testClassIsSubClassCollectibleCell" classname="harrypotter.tests.M1PublicTests" time="0.0"/>
    <testcase name="testInstanceVariableSpellCoolDownGetter" classname="harrypotter.tests.M1PublicTests" time="0.0"/>
    <testcase name="testInstanceVariableHpObstacle" classname="harrypotter.tests.M1PublicTests" time="0.001"/>
    <testcase name="testInstanceVariableCollectibleGetter" classname="harrypotter.tests.M1PublicTests" time="0.0"/>
    <testcase name="testInstanceVariableTaskTraitPotionsGetter" classname="harrypotter.tests.M1PublicTests" time="0.001"/>
  </testsuite>
</testrun>
